# JRE version: Java(TM) SE Runtime Environment (8.0_45-b15) (build 1.8.0_45-b15)
# Java VM: Java HotSpot(TM) 64-Bit Server VM (25.45-b02 mixed mode windows-amd64 compressed oops)
Heap:
 PSYoungGen      total 157184K, used 76419K [0x00000000f5580000, 0x00000000ffc00000, 0x0000000100000000)
  eden space 145920K, 51% used [0x00000000f5580000,0x00000000f9e8cbf0,0x00000000fe400000)
  from space 11264K, 14% used [0x00000000ff100000,0x00000000ff294010,0x00000000ffc00000)
  to   space 12288K, 0% used [0x00000000fe400000,0x00000000fe400000,0x00000000ff000000)
 ParOldGen       total 88576K, used 54999K [0x00000000e0000000, 0x00000000e5680000, 0x00000000f5580000)
  object space 88576K, 62% used [0x00000000e0000000,0x00000000e35b5d08,0x00000000e5680000)
 Metaspace       used 88934K, capacity 95902K, committed 96000K, reserved 1132544K
  class space    used 10721K, capacity 12776K, committed 12800K, reserved 1048576K
GC Heap History (10 events):
Event: 779.622 GC heap before
{Heap before GC invocations=53 (full 13):
 PSYoungGen      total 156672K, used 142336K [0x00000000f5580000, 0x00000000ffc00000, 0x0000000100000000)
  eden space 142336K, 100% used [0x00000000f5580000,0x00000000fe080000,0x00000000fe080000)
  from space 14336K, 0% used [0x00000000fe080000,0x00000000fe080000,0x00000000fee80000)
  to   space 13824K, 0% used [0x00000000fee80000,0x00000000fee80000,0x00000000ffc00000)
 ParOldGen       total 88576K, used 54999K [0x00000000e0000000, 0x00000000e5680000, 0x00000000f5580000)
  object space 88576K, 62% used [0x00000000e0000000,0x00000000e35b5d08,0x00000000e5680000)
 Metaspace       used 88064K, capacity 94832K, committed 94976K, reserved 1132544K
  class space    used 10632K, capacity 12676K, committed 12800K, reserved 1048576K
Event: 779.626 GC heap after
Heap after GC invocations=53 (full 13):
 PSYoungGen      total 157184K, used 1448K [0x00000000f5580000, 0x00000000ffd00000, 0x0000000100000000)
  eden space 143360K, 0% used [0x00000000f5580000,0x00000000f5580000,0x00000000fe180000)
  from space 13824K, 10% used [0x00000000fee80000,0x00000000fefea220,0x00000000ffc00000)
  to   space 13312K, 0% used [0x00000000fe180000,0x00000000fe180000,0x00000000fee80000)
 ParOldGen       total 88576K, used 54999K [0x00000000e0000000, 0x00000000e5680000, 0x00000000f5580000)
  object space 88576K, 62% used [0x00000000e0000000,0x00000000e35b5d08,0x00000000e5680000)
 Metaspace       used 88064K, capacity 94832K, committed 94976K, reserved 1132544K
  class space    used 10632K, capacity 12676K, committed 12800K, reserved 1048576K
}
Event: 789.844 GC heap before
{Heap before GC invocations=54 (full 13):
 PSYoungGen      total 157184K, used 144808K [0x00000000f5580000, 0x00000000ffd00000, 0x0000000100000000)
  eden space 143360K, 100% used [0x00000000f5580000,0x00000000fe180000,0x00000000fe180000)
  from space 13824K, 10% used [0x00000000fee80000,0x00000000fefea220,0x00000000ffc00000)
  to   space 13312K, 0% used [0x00000000fe180000,0x00000000fe180000,0x00000000fee80000)
 ParOldGen       total 88576K, used 54999K [0x00000000e0000000, 0x00000000e5680000, 0x00000000f5580000)
  object space 88576K, 62% used [0x00000000e0000000,0x00000000e35b5d08,0x00000000e5680000)
 Metaspace       used 88272K, capacity 95352K, committed 95488K, reserved 1132544K
  class space    used 10648K, capacity 12743K, committed 12800K, reserved 1048576K
Event: 789.848 GC heap after
Heap after GC invocations=54 (full 13):
 PSYoungGen      total 156672K, used 1440K [0x00000000f5580000, 0x00000000ffd80000, 0x0000000100000000)
  eden space 143360K, 0% used [0x00000000f5580000,0x00000000f5580000,0x00000000fe180000)
  from space 13312K, 10% used [0x00000000fe180000,0x00000000fe2e8000,0x00000000fee80000)
  to   space 13312K, 0% used [0x00000000ff080000,0x00000000ff080000,0x00000000ffd80000)
 ParOldGen       total 88576K, used 54999K [0x00000000e0000000, 0x00000000e5680000, 0x00000000f5580000)
  object space 88576K, 62% used [0x00000000e0000000,0x00000000e35b5d08,0x00000000e5680000)
 Metaspace       used 88272K, capacity 95352K, committed 95488K, reserved 1132544K
  class space    used 10648K, capacity 12743K, committed 12800K, reserved 1048576K
}
Event: 801.593 GC heap before
{Heap before GC invocations=55 (full 13):
 PSYoungGen      total 156672K, used 144800K [0x00000000f5580000, 0x00000000ffd80000, 0x0000000100000000)
  eden space 143360K, 100% used [0x00000000f5580000,0x00000000fe180000,0x00000000fe180000)
  from space 13312K, 10% used [0x00000000fe180000,0x00000000fe2e8000,0x00000000fee80000)
  to   space 13312K, 0% used [0x00000000ff080000,0x00000000ff080000,0x00000000ffd80000)
 ParOldGen       total 88576K, used 54999K [0x00000000e0000000, 0x00000000e5680000, 0x00000000f5580000)
  object space 88576K, 62% used [0x00000000e0000000,0x00000000e35b5d08,0x00000000e5680000)
 Metaspace       used 88277K, capacity 95352K, committed 95488K, reserved 1132544K
  class space    used 10648K, capacity 12743K, committed 12800K, reserved 1048576K
Event: 801.598 GC heap after
Heap after GC invocations=55 (full 13):
 PSYoungGen      total 156672K, used 1392K [0x00000000f5580000, 0x00000000ffc00000, 0x0000000100000000)
  eden space 144896K, 0% used [0x00000000f5580000,0x00000000f5580000,0x00000000fe300000)
  from space 11776K, 11% used [0x00000000ff080000,0x00000000ff1dc010,0x00000000ffc00000)
  to   space 12800K, 0% used [0x00000000fe300000,0x00000000fe300000,0x00000000fef80000)
 ParOldGen       total 88576K, used 54999K [0x00000000e0000000, 0x00000000e5680000, 0x00000000f5580000)
  object space 88576K, 62% used [0x00000000e0000000,0x00000000e35b5d08,0x00000000e5680000)
 Metaspace       used 88277K, capacity 95352K, committed 95488K, reserved 1132544K
  class space    used 10648K, capacity 12743K, committed 12800K, reserved 1048576K
}
Event: 813.139 GC heap before
{Heap before GC invocations=56 (full 13):
 PSYoungGen      total 156672K, used 146288K [0x00000000f5580000, 0x00000000ffc00000, 0x0000000100000000)
  eden space 144896K, 100% used [0x00000000f5580000,0x00000000fe300000,0x00000000fe300000)
  from space 11776K, 11% used [0x00000000ff080000,0x00000000ff1dc010,0x00000000ffc00000)
  to   space 12800K, 0% used [0x00000000fe300000,0x00000000fe300000,0x00000000fef80000)
 ParOldGen       total 88576K, used 54999K [0x00000000e0000000, 0x00000000e5680000, 0x00000000f5580000)
  object space 88576K, 62% used [0x00000000e0000000,0x00000000e35b5d08,0x00000000e5680000)
 Metaspace       used 88278K, capacity 95352K, committed 95488K, reserved 1132544K
  class space    used 10648K, capacity 12743K, committed 12800K, reserved 1048576K
Event: 813.143 GC heap after
Heap after GC invocations=56 (full 13):
 PSYoungGen      total 157696K, used 1520K [0x00000000f5580000, 0x00000000ffd80000, 0x0000000100000000)
  eden space 144896K, 0% used [0x00000000f5580000,0x00000000f5580000,0x00000000fe300000)
  from space 12800K, 11% used [0x00000000fe300000,0x00000000fe47c010,0x00000000fef80000)
  to   space 12800K, 0% used [0x00000000ff100000,0x00000000ff100000,0x00000000ffd80000)
 ParOldGen       total 88576K, used 54999K [0x00000000e0000000, 0x00000000e5680000, 0x00000000f5580000)
  object space 88576K, 62% used [0x00000000e0000000,0x00000000e35b5d08,0x00000000e5680000)
 Metaspace       used 88278K, capacity 95352K, committed 95488K, reserved 1132544K
  class space    used 10648K, capacity 12743K, committed 12800K, reserved 1048576K
}
Event: 824.595 GC heap before
{Heap before GC invocations=57 (full 13):
 PSYoungGen      total 157696K, used 146416K [0x00000000f5580000, 0x00000000ffd80000, 0x0000000100000000)
  eden space 144896K, 100% used [0x00000000f5580000,0x00000000fe300000,0x00000000fe300000)
  from space 12800K, 11% used [0x00000000fe300000,0x00000000fe47c010,0x00000000fef80000)
  to   space 12800K, 0% used [0x00000000ff100000,0x00000000ff100000,0x00000000ffd80000)
 ParOldGen       total 88576K, used 54999K [0x00000000e0000000, 0x00000000e5680000, 0x00000000f5580000)
  object space 88576K, 62% used [0x00000000e0000000,0x00000000e35b5d08,0x00000000e5680000)
 Metaspace       used 88284K, capacity 95352K, committed 95488K, reserved 1132544K
  class space    used 10648K, capacity 12743K, committed 12800K, reserved 1048576K
Event: 824.600 GC heap after
Heap after GC invocations=57 (full 13):
 PSYoungGen      total 157184K, used 1616K [0x00000000f5580000, 0x00000000ffc00000, 0x0000000100000000)
  eden space 145920K, 0% used [0x00000000f5580000,0x00000000f5580000,0x00000000fe400000)
  from space 11264K, 14% used [0x00000000ff100000,0x00000000ff294010,0x00000000ffc00000)
  to   space 12288K, 0% used [0x00000000fe400000,0x00000000fe400000,0x00000000ff000000)
 ParOldGen       total 88576K, used 54999K [0x00000000e0000000, 0x00000000e5680000, 0x00000000f5580000)
  object space 88576K, 62% used [0x00000000e0000000,0x00000000e35b5d08,0x00000000e5680000)
 Metaspace       used 88284K, capacity 95352K, committed 95488K, reserved 1132544K
  class space    used 10648K, capacity 12743K, committed 12800K, reserved 1048576K
}

