# JRE version: Java(TM) SE Runtime Environment (8.0_45-b15) (build 1.8.0_45-b15)
# Java VM: Java HotSpot(TM) 64-Bit Server VM (25.45-b02 mixed mode windows-amd64 compressed oops)
Heap:
 PSYoungGen      total 82944K, used 30248K [0x00000000f5580000, 0x00000000fc200000, 0x0000000100000000)
  eden space 78336K, 38% used [0x00000000f5580000,0x00000000f730a100,0x00000000fa200000)
  from space 4608K, 0% used [0x00000000fa200000,0x00000000fa200000,0x00000000fa680000)
  to   space 16384K, 0% used [0x00000000fb200000,0x00000000fb200000,0x00000000fc200000)
 ParOldGen       total 101376K, used 54613K [0x00000000e0000000, 0x00000000e6300000, 0x00000000f5580000)
  object space 101376K, 53% used [0x00000000e0000000,0x00000000e3555588,0x00000000e6300000)
 Metaspace       used 84941K, capacity 91538K, committed 91648K, reserved 1128448K
  class space    used 10284K, capacity 12277K, committed 12288K, reserved 1048576K
GC Heap History (10 events):
Event: 439.993 GC heap before
{Heap before GC invocations=36 (full 8):
 PSYoungGen      total 92672K, used 78131K [0x00000000f5580000, 0x00000000fc400000, 0x0000000100000000)
  eden space 74752K, 100% used [0x00000000f5580000,0x00000000f9e80000,0x00000000f9e80000)
  from space 17920K, 18% used [0x00000000f9e80000,0x00000000fa1ccc08,0x00000000fb000000)
  to   space 17920K, 0% used [0x00000000fb280000,0x00000000fb280000,0x00000000fc400000)
 ParOldGen       total 101376K, used 63843K [0x00000000e0000000, 0x00000000e6300000, 0x00000000f5580000)
  object space 101376K, 62% used [0x00000000e0000000,0x00000000e3e58ce8,0x00000000e6300000)
 Metaspace       used 84149K, capacity 90738K, committed 90880K, reserved 1128448K
  class space    used 10227K, capacity 12245K, committed 12288K, reserved 1048576K
Event: 440.001 GC heap after
Heap after GC invocations=36 (full 8):
 PSYoungGen      total 94208K, used 2588K [0x00000000f5580000, 0x00000000fc380000, 0x0000000100000000)
  eden space 76800K, 0% used [0x00000000f5580000,0x00000000f5580000,0x00000000fa080000)
  from space 17408K, 14% used [0x00000000fb280000,0x00000000fb5070f0,0x00000000fc380000)
  to   space 17920K, 0% used [0x00000000fa080000,0x00000000fa080000,0x00000000fb200000)
 ParOldGen       total 101376K, used 63851K [0x00000000e0000000, 0x00000000e6300000, 0x00000000f5580000)
  object space 101376K, 62% used [0x00000000e0000000,0x00000000e3e5ace8,0x00000000e6300000)
 Metaspace       used 84149K, capacity 90738K, committed 90880K, reserved 1128448K
  class space    used 10227K, capacity 12245K, committed 12288K, reserved 1048576K
}
Event: 441.930 GC heap before
{Heap before GC invocations=37 (full 8):
 PSYoungGen      total 94208K, used 79388K [0x00000000f5580000, 0x00000000fc380000, 0x0000000100000000)
  eden space 76800K, 100% used [0x00000000f5580000,0x00000000fa080000,0x00000000fa080000)
  from space 17408K, 14% used [0x00000000fb280000,0x00000000fb5070f0,0x00000000fc380000)
  to   space 17920K, 0% used [0x00000000fa080000,0x00000000fa080000,0x00000000fb200000)
 ParOldGen       total 101376K, used 63851K [0x00000000e0000000, 0x00000000e6300000, 0x00000000f5580000)
  object space 101376K, 62% used [0x00000000e0000000,0x00000000e3e5ace8,0x00000000e6300000)
 Metaspace       used 84215K, capacity 90866K, committed 91136K, reserved 1128448K
  class space    used 10227K, capacity 12245K, committed 12288K, reserved 1048576K
Event: 441.936 GC heap after
Heap after GC invocations=37 (full 8):
 PSYoungGen      total 94720K, used 3053K [0x00000000f5580000, 0x00000000fc500000, 0x0000000100000000)
  eden space 76800K, 0% used [0x00000000f5580000,0x00000000f5580000,0x00000000fa080000)
  from space 17920K, 17% used [0x00000000fa080000,0x00000000fa37b410,0x00000000fb200000)
  to   space 17408K, 0% used [0x00000000fb400000,0x00000000fb400000,0x00000000fc500000)
 ParOldGen       total 101376K, used 63859K [0x00000000e0000000, 0x00000000e6300000, 0x00000000f5580000)
  object space 101376K, 62% used [0x00000000e0000000,0x00000000e3e5cce8,0x00000000e6300000)
 Metaspace       used 84215K, capacity 90866K, committed 91136K, reserved 1128448K
  class space    used 10227K, capacity 12245K, committed 12288K, reserved 1048576K
}
Event: 453.594 GC heap before
{Heap before GC invocations=38 (full 8):
 PSYoungGen      total 94720K, used 79853K [0x00000000f5580000, 0x00000000fc500000, 0x0000000100000000)
  eden space 76800K, 100% used [0x00000000f5580000,0x00000000fa080000,0x00000000fa080000)
  from space 17920K, 17% used [0x00000000fa080000,0x00000000fa37b410,0x00000000fb200000)
  to   space 17408K, 0% used [0x00000000fb400000,0x00000000fb400000,0x00000000fc500000)
 ParOldGen       total 101376K, used 63859K [0x00000000e0000000, 0x00000000e6300000, 0x00000000f5580000)
  object space 101376K, 62% used [0x00000000e0000000,0x00000000e3e5cce8,0x00000000e6300000)
 Metaspace       used 84333K, capacity 91076K, committed 91392K, reserved 1128448K
  class space    used 10228K, capacity 12248K, committed 12288K, reserved 1048576K
Event: 453.601 GC heap after
Heap after GC invocations=38 (full 8):
 PSYoungGen      total 93696K, used 4190K [0x00000000f5580000, 0x00000000fc300000, 0x0000000100000000)
  eden space 78336K, 0% used [0x00000000f5580000,0x00000000f5580000,0x00000000fa200000)
  from space 15360K, 27% used [0x00000000fb400000,0x00000000fb8179e0,0x00000000fc300000)
  to   space 16896K, 0% used [0x00000000fa200000,0x00000000fa200000,0x00000000fb280000)
 ParOldGen       total 101376K, used 63867K [0x00000000e0000000, 0x00000000e6300000, 0x00000000f5580000)
  object space 101376K, 63% used [0x00000000e0000000,0x00000000e3e5ece8,0x00000000e6300000)
 Metaspace       used 84333K, capacity 91076K, committed 91392K, reserved 1128448K
  class space    used 10228K, capacity 12248K, committed 12288K, reserved 1048576K
}
Event: 470.630 GC heap before
{Heap before GC invocations=39 (full 8):
 PSYoungGen      total 93696K, used 19726K [0x00000000f5580000, 0x00000000fc300000, 0x0000000100000000)
  eden space 78336K, 19% used [0x00000000f5580000,0x00000000f64ac0a0,0x00000000fa200000)
  from space 15360K, 27% used [0x00000000fb400000,0x00000000fb8179e0,0x00000000fc300000)
  to   space 16896K, 0% used [0x00000000fa200000,0x00000000fa200000,0x00000000fb280000)
 ParOldGen       total 101376K, used 63867K [0x00000000e0000000, 0x00000000e6300000, 0x00000000f5580000)
  object space 101376K, 63% used [0x00000000e0000000,0x00000000e3e5ece8,0x00000000e6300000)
 Metaspace       used 84397K, capacity 91140K, committed 91392K, reserved 1128448K
  class space    used 10229K, capacity 12248K, committed 12288K, reserved 1048576K
Event: 470.645 GC heap after
Heap after GC invocations=39 (full 8):
 PSYoungGen      total 82944K, used 4128K [0x00000000f5580000, 0x00000000fc200000, 0x0000000100000000)
  eden space 78336K, 0% used [0x00000000f5580000,0x00000000f5580000,0x00000000fa200000)
  from space 4608K, 89% used [0x00000000fa200000,0x00000000fa608098,0x00000000fa680000)
  to   space 16384K, 0% used [0x00000000fb200000,0x00000000fb200000,0x00000000fc200000)
 ParOldGen       total 101376K, used 63867K [0x00000000e0000000, 0x00000000e6300000, 0x00000000f5580000)
  object space 101376K, 63% used [0x00000000e0000000,0x00000000e3e5ece8,0x00000000e6300000)
 Metaspace       used 84397K, capacity 91140K, committed 91392K, reserved 1128448K
  class space    used 10229K, capacity 12248K, committed 12288K, reserved 1048576K
}
Event: 470.645 GC heap before
{Heap before GC invocations=40 (full 9):
 PSYoungGen      total 82944K, used 4128K [0x00000000f5580000, 0x00000000fc200000, 0x0000000100000000)
  eden space 78336K, 0% used [0x00000000f5580000,0x00000000f5580000,0x00000000fa200000)
  from space 4608K, 89% used [0x00000000fa200000,0x00000000fa608098,0x00000000fa680000)
  to   space 16384K, 0% used [0x00000000fb200000,0x00000000fb200000,0x00000000fc200000)
 ParOldGen       total 101376K, used 63867K [0x00000000e0000000, 0x00000000e6300000, 0x00000000f5580000)
  object space 101376K, 63% used [0x00000000e0000000,0x00000000e3e5ece8,0x00000000e6300000)
 Metaspace       used 84397K, capacity 91140K, committed 91392K, reserved 1128448K
  class space    used 10229K, capacity 12248K, committed 12288K, reserved 1048576K
Event: 470.954 GC heap after
Heap after GC invocations=40 (full 9):
 PSYoungGen      total 82944K, used 0K [0x00000000f5580000, 0x00000000fc200000, 0x0000000100000000)
  eden space 78336K, 0% used [0x00000000f5580000,0x00000000f5580000,0x00000000fa200000)
  from space 4608K, 0% used [0x00000000fa200000,0x00000000fa200000,0x00000000fa680000)
  to   space 16384K, 0% used [0x00000000fb200000,0x00000000fb200000,0x00000000fc200000)
 ParOldGen       total 101376K, used 54613K [0x00000000e0000000, 0x00000000e6300000, 0x00000000f5580000)
  object space 101376K, 53% used [0x00000000e0000000,0x00000000e3555588,0x00000000e6300000)
 Metaspace       used 84382K, capacity 91116K, committed 91392K, reserved 1128448K
  class space    used 10226K, capacity 12244K, committed 12288K, reserved 1048576K
}

