# JRE version: Java(TM) SE Runtime Environment (8.0_45-b15) (build 1.8.0_45-b15)
# Java VM: Java HotSpot(TM) 64-Bit Server VM (25.45-b02 mixed mode windows-amd64 compressed oops)
Heap:
 PSYoungGen      total 139776K, used 30617K [0x00000000f5580000, 0x00000000ffd80000, 0x0000000100000000)
  eden space 107520K, 28% used [0x00000000f5580000,0x00000000f7366520,0x00000000fbe80000)
  from space 32256K, 0% used [0x00000000fbe80000,0x00000000fbe80000,0x00000000fde00000)
  to   space 31744K, 0% used [0x00000000fde80000,0x00000000fde80000,0x00000000ffd80000)
 ParOldGen       total 99840K, used 57225K [0x00000000e0000000, 0x00000000e6180000, 0x00000000f5580000)
  object space 99840K, 57% used [0x00000000e0000000,0x00000000e37e2670,0x00000000e6180000)
 Metaspace       used 81122K, capacity 87686K, committed 88064K, reserved 1126400K
  class space    used 9860K, capacity 11907K, committed 12032K, reserved 1048576K
GC Heap History (10 events):
Event: 145.845 GC heap before
{Heap before GC invocations=16 (full 3):
 PSYoungGen      total 125952K, used 119282K [0x00000000f5580000, 0x00000000fed80000, 0x0000000100000000)
  eden space 99328K, 100% used [0x00000000f5580000,0x00000000fb680000,0x00000000fb680000)
  from space 26624K, 74% used [0x00000000fd380000,0x00000000fe6fc810,0x00000000fed80000)
  to   space 28160K, 0% used [0x00000000fb680000,0x00000000fb680000,0x00000000fd200000)
 ParOldGen       total 99840K, used 44376K [0x00000000e0000000, 0x00000000e6180000, 0x00000000f5580000)
  object space 99840K, 44% used [0x00000000e0000000,0x00000000e2b56250,0x00000000e6180000)
 Metaspace       used 76850K, capacity 83066K, committed 83328K, reserved 1122304K
  class space    used 9390K, capacity 11373K, committed 11392K, reserved 1048576K
Event: 145.866 GC heap after
Heap after GC invocations=16 (full 3):
 PSYoungGen      total 127488K, used 24433K [0x00000000f5580000, 0x00000000ffc80000, 0x0000000100000000)
  eden space 99328K, 0% used [0x00000000f5580000,0x00000000f5580000,0x00000000fb680000)
  from space 28160K, 86% used [0x00000000fb680000,0x00000000fce5c628,0x00000000fd200000)
  to   space 31232K, 0% used [0x00000000fde00000,0x00000000fde00000,0x00000000ffc80000)
 ParOldGen       total 99840K, used 44384K [0x00000000e0000000, 0x00000000e6180000, 0x00000000f5580000)
  object space 99840K, 44% used [0x00000000e0000000,0x00000000e2b58250,0x00000000e6180000)
 Metaspace       used 76850K, capacity 83066K, committed 83328K, reserved 1122304K
  class space    used 9390K, capacity 11373K, committed 11392K, reserved 1048576K
}
Event: 170.863 GC heap before
{Heap before GC invocations=17 (full 3):
 PSYoungGen      total 127488K, used 113476K [0x00000000f5580000, 0x00000000ffc80000, 0x0000000100000000)
  eden space 99328K, 89% used [0x00000000f5580000,0x00000000fac74af0,0x00000000fb680000)
  from space 28160K, 86% used [0x00000000fb680000,0x00000000fce5c628,0x00000000fd200000)
  to   space 31232K, 0% used [0x00000000fde00000,0x00000000fde00000,0x00000000ffc80000)
 ParOldGen       total 99840K, used 44384K [0x00000000e0000000, 0x00000000e6180000, 0x00000000f5580000)
  object space 99840K, 44% used [0x00000000e0000000,0x00000000e2b58250,0x00000000e6180000)
 Metaspace       used 77271K, capacity 83450K, committed 83584K, reserved 1122304K
  class space    used 9394K, capacity 11373K, committed 11392K, reserved 1048576K
Event: 170.892 GC heap after
Heap after GC invocations=17 (full 3):
 PSYoungGen      total 138752K, used 21678K [0x00000000f5580000, 0x00000000ffe80000, 0x0000000100000000)
  eden space 107520K, 0% used [0x00000000f5580000,0x00000000f5580000,0x00000000fbe80000)
  from space 31232K, 69% used [0x00000000fde00000,0x00000000ff32bba0,0x00000000ffc80000)
  to   space 32256K, 0% used [0x00000000fbe80000,0x00000000fbe80000,0x00000000fde00000)
 ParOldGen       total 99840K, used 44392K [0x00000000e0000000, 0x00000000e6180000, 0x00000000f5580000)
  object space 99840K, 44% used [0x00000000e0000000,0x00000000e2b5a250,0x00000000e6180000)
 Metaspace       used 77271K, capacity 83450K, committed 83584K, reserved 1122304K
  class space    used 9394K, capacity 11373K, committed 11392K, reserved 1048576K
}
Event: 170.892 GC heap before
{Heap before GC invocations=18 (full 4):
 PSYoungGen      total 138752K, used 21678K [0x00000000f5580000, 0x00000000ffe80000, 0x0000000100000000)
  eden space 107520K, 0% used [0x00000000f5580000,0x00000000f5580000,0x00000000fbe80000)
  from space 31232K, 69% used [0x00000000fde00000,0x00000000ff32bba0,0x00000000ffc80000)
  to   space 32256K, 0% used [0x00000000fbe80000,0x00000000fbe80000,0x00000000fde00000)
 ParOldGen       total 99840K, used 44392K [0x00000000e0000000, 0x00000000e6180000, 0x00000000f5580000)
  object space 99840K, 44% used [0x00000000e0000000,0x00000000e2b5a250,0x00000000e6180000)
 Metaspace       used 77271K, capacity 83450K, committed 83584K, reserved 1122304K
  class space    used 9394K, capacity 11373K, committed 11392K, reserved 1048576K
Event: 171.270 GC heap after
Heap after GC invocations=18 (full 4):
 PSYoungGen      total 138752K, used 0K [0x00000000f5580000, 0x00000000ffe80000, 0x0000000100000000)
  eden space 107520K, 0% used [0x00000000f5580000,0x00000000f5580000,0x00000000fbe80000)
  from space 31232K, 0% used [0x00000000fde00000,0x00000000fde00000,0x00000000ffc80000)
  to   space 32256K, 0% used [0x00000000fbe80000,0x00000000fbe80000,0x00000000fde00000)
 ParOldGen       total 99840K, used 54300K [0x00000000e0000000, 0x00000000e6180000, 0x00000000f5580000)
  object space 99840K, 54% used [0x00000000e0000000,0x00000000e3507228,0x00000000e6180000)
 Metaspace       used 77271K, capacity 83450K, committed 83584K, reserved 1122304K
  class space    used 9394K, capacity 11373K, committed 11392K, reserved 1048576K
}
Event: 233.585 GC heap before
{Heap before GC invocations=19 (full 4):
 PSYoungGen      total 138752K, used 93684K [0x00000000f5580000, 0x00000000ffe80000, 0x0000000100000000)
  eden space 107520K, 87% used [0x00000000f5580000,0x00000000fb0fd2f8,0x00000000fbe80000)
  from space 31232K, 0% used [0x00000000fde00000,0x00000000fde00000,0x00000000ffc80000)
  to   space 32256K, 0% used [0x00000000fbe80000,0x00000000fbe80000,0x00000000fde00000)
 ParOldGen       total 99840K, used 54300K [0x00000000e0000000, 0x00000000e6180000, 0x00000000f5580000)
  object space 99840K, 54% used [0x00000000e0000000,0x00000000e3507228,0x00000000e6180000)
 Metaspace       used 79895K, capacity 86286K, committed 86528K, reserved 1124352K
  class space    used 9724K, capacity 11678K, committed 11776K, reserved 1048576K
Event: 233.605 GC heap after
Heap after GC invocations=19 (full 4):
 PSYoungGen      total 139776K, used 6096K [0x00000000f5580000, 0x00000000ffd80000, 0x0000000100000000)
  eden space 107520K, 0% used [0x00000000f5580000,0x00000000f5580000,0x00000000fbe80000)
  from space 32256K, 18% used [0x00000000fbe80000,0x00000000fc474230,0x00000000fde00000)
  to   space 31744K, 0% used [0x00000000fde80000,0x00000000fde80000,0x00000000ffd80000)
 ParOldGen       total 99840K, used 54308K [0x00000000e0000000, 0x00000000e6180000, 0x00000000f5580000)
  object space 99840K, 54% used [0x00000000e0000000,0x00000000e3509228,0x00000000e6180000)
 Metaspace       used 79895K, capacity 86286K, committed 86528K, reserved 1124352K
  class space    used 9724K, capacity 11678K, committed 11776K, reserved 1048576K
}
Event: 233.605 GC heap before
{Heap before GC invocations=20 (full 5):
 PSYoungGen      total 139776K, used 6096K [0x00000000f5580000, 0x00000000ffd80000, 0x0000000100000000)
  eden space 107520K, 0% used [0x00000000f5580000,0x00000000f5580000,0x00000000fbe80000)
  from space 32256K, 18% used [0x00000000fbe80000,0x00000000fc474230,0x00000000fde00000)
  to   space 31744K, 0% used [0x00000000fde80000,0x00000000fde80000,0x00000000ffd80000)
 ParOldGen       total 99840K, used 54308K [0x00000000e0000000, 0x00000000e6180000, 0x00000000f5580000)
  object space 99840K, 54% used [0x00000000e0000000,0x00000000e3509228,0x00000000e6180000)
 Metaspace       used 79895K, capacity 86286K, committed 86528K, reserved 1124352K
  class space    used 9724K, capacity 11678K, committed 11776K, reserved 1048576K
Event: 234.027 GC heap after
Heap after GC invocations=20 (full 5):
 PSYoungGen      total 139776K, used 0K [0x00000000f5580000, 0x00000000ffd80000, 0x0000000100000000)
  eden space 107520K, 0% used [0x00000000f5580000,0x00000000f5580000,0x00000000fbe80000)
  from space 32256K, 0% used [0x00000000fbe80000,0x00000000fbe80000,0x00000000fde00000)
  to   space 31744K, 0% used [0x00000000fde80000,0x00000000fde80000,0x00000000ffd80000)
 ParOldGen       total 99840K, used 57225K [0x00000000e0000000, 0x00000000e6180000, 0x00000000f5580000)
  object space 99840K, 57% used [0x00000000e0000000,0x00000000e37e2670,0x00000000e6180000)
 Metaspace       used 79895K, capacity 86286K, committed 86528K, reserved 1124352K
  class space    used 9724K, capacity 11678K, committed 11776K, reserved 1048576K
}

