# JRE version: Java(TM) SE Runtime Environment (8.0_45-b15) (build 1.8.0_45-b15)
# Java VM: Java HotSpot(TM) 64-Bit Server VM (25.45-b02 mixed mode windows-amd64 compressed oops)
Heap:
 PSYoungGen      total 140800K, used 93969K [0x00000000f5580000, 0x0000000100000000, 0x0000000100000000)
  eden space 109056K, 86% used [0x00000000f5580000,0x00000000fb144530,0x00000000fc000000)
  from space 31744K, 0% used [0x00000000fe100000,0x00000000fe100000,0x0000000100000000)
  to   space 32768K, 0% used [0x00000000fc000000,0x00000000fc000000,0x00000000fe000000)
 ParOldGen       total 97792K, used 54435K [0x00000000e0000000, 0x00000000e5f80000, 0x00000000f5580000)
  object space 97792K, 55% used [0x00000000e0000000,0x00000000e3528e10,0x00000000e5f80000)
 Metaspace       used 81214K, capacity 87826K, committed 88064K, reserved 1126400K
  class space    used 9894K, capacity 11937K, committed 12032K, reserved 1048576K
GC Heap History (10 events):
Event: 28.393 GC heap before
{Heap before GC invocations=14 (full 3):
 PSYoungGen      total 112640K, used 108756K [0x00000000f5580000, 0x00000000fdd00000, 0x0000000100000000)
  eden space 95744K, 100% used [0x00000000f5580000,0x00000000fb300000,0x00000000fb300000)
  from space 16896K, 77% used [0x00000000fcc80000,0x00000000fd935128,0x00000000fdd00000)
  to   space 21504K, 0% used [0x00000000fb300000,0x00000000fb300000,0x00000000fc800000)
 ParOldGen       total 97792K, used 41746K [0x00000000e0000000, 0x00000000e5f80000, 0x00000000f5580000)
  object space 97792K, 42% used [0x00000000e0000000,0x00000000e28c4bc0,0x00000000e5f80000)
 Metaspace       used 71745K, capacity 77582K, committed 77696K, reserved 1116160K
  class space    used 8913K, capacity 10790K, committed 10880K, reserved 1048576K
Event: 28.421 GC heap after
Heap after GC invocations=14 (full 3):
 PSYoungGen      total 117248K, used 21483K [0x00000000f5580000, 0x00000000ff800000, 0x0000000100000000)
  eden space 95744K, 0% used [0x00000000f5580000,0x00000000f5580000,0x00000000fb300000)
  from space 21504K, 99% used [0x00000000fb300000,0x00000000fc7fad68,0x00000000fc800000)
  to   space 27136K, 0% used [0x00000000fdd80000,0x00000000fdd80000,0x00000000ff800000)
 ParOldGen       total 97792K, used 49586K [0x00000000e0000000, 0x00000000e5f80000, 0x00000000f5580000)
  object space 97792K, 50% used [0x00000000e0000000,0x00000000e306c9c0,0x00000000e5f80000)
 Metaspace       used 71745K, capacity 77582K, committed 77696K, reserved 1116160K
  class space    used 8913K, capacity 10790K, committed 10880K, reserved 1048576K
}
Event: 79.651 GC heap before
{Heap before GC invocations=15 (full 3):
 PSYoungGen      total 117248K, used 117227K [0x00000000f5580000, 0x00000000ff800000, 0x0000000100000000)
  eden space 95744K, 100% used [0x00000000f5580000,0x00000000fb300000,0x00000000fb300000)
  from space 21504K, 99% used [0x00000000fb300000,0x00000000fc7fad68,0x00000000fc800000)
  to   space 27136K, 0% used [0x00000000fdd80000,0x00000000fdd80000,0x00000000ff800000)
 ParOldGen       total 97792K, used 49586K [0x00000000e0000000, 0x00000000e5f80000, 0x00000000f5580000)
  object space 97792K, 50% used [0x00000000e0000000,0x00000000e306c9c0,0x00000000e5f80000)
 Metaspace       used 73034K, capacity 78816K, committed 78976K, reserved 1118208K
  class space    used 8964K, capacity 10795K, committed 10880K, reserved 1048576K
Event: 79.675 GC heap after
Heap after GC invocations=15 (full 3):
 PSYoungGen      total 136192K, used 20751K [0x00000000f5580000, 0x00000000ff900000, 0x0000000100000000)
  eden space 109056K, 0% used [0x00000000f5580000,0x00000000f5580000,0x00000000fc000000)
  from space 27136K, 76% used [0x00000000fdd80000,0x00000000ff1c3cb0,0x00000000ff800000)
  to   space 29184K, 0% used [0x00000000fc000000,0x00000000fc000000,0x00000000fdc80000)
 ParOldGen       total 97792K, used 49594K [0x00000000e0000000, 0x00000000e5f80000, 0x00000000f5580000)
  object space 97792K, 50% used [0x00000000e0000000,0x00000000e306e9c0,0x00000000e5f80000)
 Metaspace       used 73034K, capacity 78816K, committed 78976K, reserved 1118208K
  class space    used 8964K, capacity 10795K, committed 10880K, reserved 1048576K
}
Event: 181.945 GC heap before
{Heap before GC invocations=16 (full 3):
 PSYoungGen      total 136192K, used 129807K [0x00000000f5580000, 0x00000000ff900000, 0x0000000100000000)
  eden space 109056K, 100% used [0x00000000f5580000,0x00000000fc000000,0x00000000fc000000)
  from space 27136K, 76% used [0x00000000fdd80000,0x00000000ff1c3cb0,0x00000000ff800000)
  to   space 29184K, 0% used [0x00000000fc000000,0x00000000fc000000,0x00000000fdc80000)
 ParOldGen       total 97792K, used 49594K [0x00000000e0000000, 0x00000000e5f80000, 0x00000000f5580000)
  object space 97792K, 50% used [0x00000000e0000000,0x00000000e306e9c0,0x00000000e5f80000)
 Metaspace       used 76853K, capacity 82844K, committed 83200K, reserved 1120256K
  class space    used 9405K, capacity 11407K, committed 11520K, reserved 1048576K
Event: 181.967 GC heap after
Heap after GC invocations=16 (full 3):
 PSYoungGen      total 138240K, used 24573K [0x00000000f5580000, 0x0000000100000000, 0x0000000100000000)
  eden space 109056K, 0% used [0x00000000f5580000,0x00000000f5580000,0x00000000fc000000)
  from space 29184K, 84% used [0x00000000fc000000,0x00000000fd7ff6f8,0x00000000fdc80000)
  to   space 31744K, 0% used [0x00000000fe100000,0x00000000fe100000,0x0000000100000000)
 ParOldGen       total 97792K, used 49602K [0x00000000e0000000, 0x00000000e5f80000, 0x00000000f5580000)
  object space 97792K, 50% used [0x00000000e0000000,0x00000000e30709c0,0x00000000e5f80000)
 Metaspace       used 76853K, capacity 82844K, committed 83200K, reserved 1120256K
  class space    used 9405K, capacity 11407K, committed 11520K, reserved 1048576K
}
Event: 208.405 GC heap before
{Heap before GC invocations=17 (full 3):
 PSYoungGen      total 138240K, used 129852K [0x00000000f5580000, 0x0000000100000000, 0x0000000100000000)
  eden space 109056K, 96% used [0x00000000f5580000,0x00000000fbc4fa00,0x00000000fc000000)
  from space 29184K, 84% used [0x00000000fc000000,0x00000000fd7ff6f8,0x00000000fdc80000)
  to   space 31744K, 0% used [0x00000000fe100000,0x00000000fe100000,0x0000000100000000)
 ParOldGen       total 97792K, used 49602K [0x00000000e0000000, 0x00000000e5f80000, 0x00000000f5580000)
  object space 97792K, 50% used [0x00000000e0000000,0x00000000e30709c0,0x00000000e5f80000)
 Metaspace       used 77348K, capacity 83548K, committed 83712K, reserved 1122304K
  class space    used 9410K, capacity 11407K, committed 11520K, reserved 1048576K
Event: 208.423 GC heap after
Heap after GC invocations=17 (full 3):
 PSYoungGen      total 140800K, used 21831K [0x00000000f5580000, 0x0000000100000000, 0x0000000100000000)
  eden space 109056K, 0% used [0x00000000f5580000,0x00000000f5580000,0x00000000fc000000)
  from space 31744K, 68% used [0x00000000fe100000,0x00000000ff651c58,0x0000000100000000)
  to   space 32768K, 0% used [0x00000000fc000000,0x00000000fc000000,0x00000000fe000000)
 ParOldGen       total 97792K, used 49610K [0x00000000e0000000, 0x00000000e5f80000, 0x00000000f5580000)
  object space 97792K, 50% used [0x00000000e0000000,0x00000000e30729c0,0x00000000e5f80000)
 Metaspace       used 77348K, capacity 83548K, committed 83712K, reserved 1122304K
  class space    used 9410K, capacity 11407K, committed 11520K, reserved 1048576K
}
Event: 208.423 GC heap before
{Heap before GC invocations=18 (full 4):
 PSYoungGen      total 140800K, used 21831K [0x00000000f5580000, 0x0000000100000000, 0x0000000100000000)
  eden space 109056K, 0% used [0x00000000f5580000,0x00000000f5580000,0x00000000fc000000)
  from space 31744K, 68% used [0x00000000fe100000,0x00000000ff651c58,0x0000000100000000)
  to   space 32768K, 0% used [0x00000000fc000000,0x00000000fc000000,0x00000000fe000000)
 ParOldGen       total 97792K, used 49610K [0x00000000e0000000, 0x00000000e5f80000, 0x00000000f5580000)
  object space 97792K, 50% used [0x00000000e0000000,0x00000000e30729c0,0x00000000e5f80000)
 Metaspace       used 77348K, capacity 83548K, committed 83712K, reserved 1122304K
  class space    used 9410K, capacity 11407K, committed 11520K, reserved 1048576K
Event: 208.936 GC heap after
Heap after GC invocations=18 (full 4):
 PSYoungGen      total 140800K, used 0K [0x00000000f5580000, 0x0000000100000000, 0x0000000100000000)
  eden space 109056K, 0% used [0x00000000f5580000,0x00000000f5580000,0x00000000fc000000)
  from space 31744K, 0% used [0x00000000fe100000,0x00000000fe100000,0x0000000100000000)
  to   space 32768K, 0% used [0x00000000fc000000,0x00000000fc000000,0x00000000fe000000)
 ParOldGen       total 97792K, used 54435K [0x00000000e0000000, 0x00000000e5f80000, 0x00000000f5580000)
  object space 97792K, 55% used [0x00000000e0000000,0x00000000e3528e10,0x00000000e5f80000)
 Metaspace       used 77348K, capacity 83548K, committed 83712K, reserved 1122304K
  class space    used 9410K, capacity 11407K, committed 11520K, reserved 1048576K
}

