# JRE version: Java(TM) SE Runtime Environment (8.0_45-b15) (build 1.8.0_45-b15)
# Java VM: Java HotSpot(TM) 64-Bit Server VM (25.45-b02 mixed mode windows-amd64 compressed oops)
Heap:
 PSYoungGen      total 116736K, used 28908K [0x00000000f5580000, 0x00000000fe380000, 0x0000000100000000)
  eden space 88064K, 32% used [0x00000000f5580000,0x00000000f71bb260,0x00000000fab80000)
  from space 28672K, 0% used [0x00000000fc780000,0x00000000fc780000,0x00000000fe380000)
  to   space 28672K, 0% used [0x00000000fab80000,0x00000000fab80000,0x00000000fc780000)
 ParOldGen       total 76800K, used 57118K [0x00000000e0000000, 0x00000000e4b00000, 0x00000000f5580000)
  object space 76800K, 74% used [0x00000000e0000000,0x00000000e37c7858,0x00000000e4b00000)
 Metaspace       used 81790K, capacity 88398K, committed 88576K, reserved 1126400K
  class space    used 9909K, capacity 11973K, committed 12032K, reserved 1048576K
GC Heap History (10 events):
Event: 316.661 GC heap before
{Heap before GC invocations=31 (full 5):
 PSYoungGen      total 82944K, used 79872K [0x00000000f5580000, 0x00000000fdf80000, 0x0000000100000000)
  eden space 79872K, 100% used [0x00000000f5580000,0x00000000fa380000,0x00000000fa380000)
  from space 3072K, 0% used [0x00000000fa380000,0x00000000fa380000,0x00000000fa680000)
  to   space 30720K, 0% used [0x00000000fc180000,0x00000000fc180000,0x00000000fdf80000)
 ParOldGen       total 76800K, used 55895K [0x00000000e0000000, 0x00000000e4b00000, 0x00000000f5580000)
  object space 76800K, 72% used [0x00000000e0000000,0x00000000e3695e40,0x00000000e4b00000)
 Metaspace       used 79636K, capacity 86034K, committed 86272K, reserved 1124352K
  class space    used 9669K, capacity 11680K, committed 11776K, reserved 1048576K
Event: 316.669 GC heap after
Heap after GC invocations=31 (full 5):
 PSYoungGen      total 111616K, used 5861K [0x00000000f5580000, 0x00000000fe580000, 0x0000000100000000)
  eden space 80896K, 0% used [0x00000000f5580000,0x00000000f5580000,0x00000000fa480000)
  from space 30720K, 19% used [0x00000000fc180000,0x00000000fc739418,0x00000000fdf80000)
  to   space 29696K, 0% used [0x00000000fa480000,0x00000000fa480000,0x00000000fc180000)
 ParOldGen       total 76800K, used 55903K [0x00000000e0000000, 0x00000000e4b00000, 0x00000000f5580000)
  object space 76800K, 72% used [0x00000000e0000000,0x00000000e3697e40,0x00000000e4b00000)
 Metaspace       used 79636K, capacity 86034K, committed 86272K, reserved 1124352K
  class space    used 9669K, capacity 11680K, committed 11776K, reserved 1048576K
}
Event: 338.703 GC heap before
{Heap before GC invocations=32 (full 5):
 PSYoungGen      total 111616K, used 35119K [0x00000000f5580000, 0x00000000fe580000, 0x0000000100000000)
  eden space 80896K, 36% used [0x00000000f5580000,0x00000000f7212b70,0x00000000fa480000)
  from space 30720K, 19% used [0x00000000fc180000,0x00000000fc739418,0x00000000fdf80000)
  to   space 29696K, 0% used [0x00000000fa480000,0x00000000fa480000,0x00000000fc180000)
 ParOldGen       total 76800K, used 55903K [0x00000000e0000000, 0x00000000e4b00000, 0x00000000f5580000)
  object space 76800K, 72% used [0x00000000e0000000,0x00000000e3697e40,0x00000000e4b00000)
 Metaspace       used 80732K, capacity 87158K, committed 87296K, reserved 1124352K
  class space    used 9793K, capacity 11776K, committed 11776K, reserved 1048576K
Event: 338.726 GC heap after
Heap after GC invocations=32 (full 5):
 PSYoungGen      total 110592K, used 6283K [0x00000000f5580000, 0x00000000fe380000, 0x0000000100000000)
  eden space 80896K, 0% used [0x00000000f5580000,0x00000000f5580000,0x00000000fa480000)
  from space 29696K, 21% used [0x00000000fa480000,0x00000000faaa2fd8,0x00000000fc180000)
  to   space 28672K, 0% used [0x00000000fc780000,0x00000000fc780000,0x00000000fe380000)
 ParOldGen       total 76800K, used 55911K [0x00000000e0000000, 0x00000000e4b00000, 0x00000000f5580000)
  object space 76800K, 72% used [0x00000000e0000000,0x00000000e3699e40,0x00000000e4b00000)
 Metaspace       used 80732K, capacity 87158K, committed 87296K, reserved 1124352K
  class space    used 9793K, capacity 11776K, committed 11776K, reserved 1048576K
}
Event: 338.726 GC heap before
{Heap before GC invocations=33 (full 6):
 PSYoungGen      total 110592K, used 6283K [0x00000000f5580000, 0x00000000fe380000, 0x0000000100000000)
  eden space 80896K, 0% used [0x00000000f5580000,0x00000000f5580000,0x00000000fa480000)
  from space 29696K, 21% used [0x00000000fa480000,0x00000000faaa2fd8,0x00000000fc180000)
  to   space 28672K, 0% used [0x00000000fc780000,0x00000000fc780000,0x00000000fe380000)
 ParOldGen       total 76800K, used 55911K [0x00000000e0000000, 0x00000000e4b00000, 0x00000000f5580000)
  object space 76800K, 72% used [0x00000000e0000000,0x00000000e3699e40,0x00000000e4b00000)
 Metaspace       used 80732K, capacity 87158K, committed 87296K, reserved 1124352K
  class space    used 9793K, capacity 11776K, committed 11776K, reserved 1048576K
Event: 339.161 GC heap after
Heap after GC invocations=33 (full 6):
 PSYoungGen      total 110592K, used 0K [0x00000000f5580000, 0x00000000fe380000, 0x0000000100000000)
  eden space 80896K, 0% used [0x00000000f5580000,0x00000000f5580000,0x00000000fa480000)
  from space 29696K, 0% used [0x00000000fa480000,0x00000000fa480000,0x00000000fc180000)
  to   space 28672K, 0% used [0x00000000fc780000,0x00000000fc780000,0x00000000fe380000)
 ParOldGen       total 76800K, used 58183K [0x00000000e0000000, 0x00000000e4b00000, 0x00000000f5580000)
  object space 76800K, 75% used [0x00000000e0000000,0x00000000e38d1ed0,0x00000000e4b00000)
 Metaspace       used 80732K, capacity 87158K, committed 87296K, reserved 1124352K
  class space    used 9793K, capacity 11776K, committed 11776K, reserved 1048576K
}
Event: 398.704 GC heap before
{Heap before GC invocations=34 (full 6):
 PSYoungGen      total 110592K, used 10354K [0x00000000f5580000, 0x00000000fe380000, 0x0000000100000000)
  eden space 80896K, 12% used [0x00000000f5580000,0x00000000f5f9c940,0x00000000fa480000)
  from space 29696K, 0% used [0x00000000fa480000,0x00000000fa480000,0x00000000fc180000)
  to   space 28672K, 0% used [0x00000000fc780000,0x00000000fc780000,0x00000000fe380000)
 ParOldGen       total 76800K, used 58183K [0x00000000e0000000, 0x00000000e4b00000, 0x00000000f5580000)
  object space 76800K, 75% used [0x00000000e0000000,0x00000000e38d1ed0,0x00000000e4b00000)
 Metaspace       used 80919K, capacity 87382K, committed 87680K, reserved 1124352K
  class space    used 9803K, capacity 11808K, committed 11904K, reserved 1048576K
Event: 398.709 GC heap after
Heap after GC invocations=34 (full 6):
 PSYoungGen      total 116736K, used 352K [0x00000000f5580000, 0x00000000fe380000, 0x0000000100000000)
  eden space 88064K, 0% used [0x00000000f5580000,0x00000000f5580000,0x00000000fab80000)
  from space 28672K, 1% used [0x00000000fc780000,0x00000000fc7d8000,0x00000000fe380000)
  to   space 28672K, 0% used [0x00000000fab80000,0x00000000fab80000,0x00000000fc780000)
 ParOldGen       total 76800K, used 58183K [0x00000000e0000000, 0x00000000e4b00000, 0x00000000f5580000)
  object space 76800K, 75% used [0x00000000e0000000,0x00000000e38d1ed0,0x00000000e4b00000)
 Metaspace       used 80919K, capacity 87382K, committed 87680K, reserved 1124352K
  class space    used 9803K, capacity 11808K, committed 11904K, reserved 1048576K
}
Event: 398.709 GC heap before
{Heap before GC invocations=35 (full 7):
 PSYoungGen      total 116736K, used 352K [0x00000000f5580000, 0x00000000fe380000, 0x0000000100000000)
  eden space 88064K, 0% used [0x00000000f5580000,0x00000000f5580000,0x00000000fab80000)
  from space 28672K, 1% used [0x00000000fc780000,0x00000000fc7d8000,0x00000000fe380000)
  to   space 28672K, 0% used [0x00000000fab80000,0x00000000fab80000,0x00000000fc780000)
 ParOldGen       total 76800K, used 58183K [0x00000000e0000000, 0x00000000e4b00000, 0x00000000f5580000)
  object space 76800K, 75% used [0x00000000e0000000,0x00000000e38d1ed0,0x00000000e4b00000)
 Metaspace       used 80919K, capacity 87382K, committed 87680K, reserved 1124352K
  class space    used 9803K, capacity 11808K, committed 11904K, reserved 1048576K
Event: 399.098 GC heap after
Heap after GC invocations=35 (full 7):
 PSYoungGen      total 116736K, used 0K [0x00000000f5580000, 0x00000000fe380000, 0x0000000100000000)
  eden space 88064K, 0% used [0x00000000f5580000,0x00000000f5580000,0x00000000fab80000)
  from space 28672K, 0% used [0x00000000fc780000,0x00000000fc780000,0x00000000fe380000)
  to   space 28672K, 0% used [0x00000000fab80000,0x00000000fab80000,0x00000000fc780000)
 ParOldGen       total 76800K, used 57118K [0x00000000e0000000, 0x00000000e4b00000, 0x00000000f5580000)
  object space 76800K, 74% used [0x00000000e0000000,0x00000000e37c7858,0x00000000e4b00000)
 Metaspace       used 80919K, capacity 87382K, committed 87680K, reserved 1124352K
  class space    used 9803K, capacity 11808K, committed 11904K, reserved 1048576K
}

