# JRE version: Java(TM) SE Runtime Environment (8.0_45-b15) (build 1.8.0_45-b15)
# Java VM: Java HotSpot(TM) 64-Bit Server VM (25.45-b02 mixed mode windows-amd64 compressed oops)
Heap:
 PSYoungGen      total 80896K, used 32771K [0x00000000f5580000, 0x00000000fe400000, 0x0000000100000000)
  eden space 75264K, 43% used [0x00000000f5580000,0x00000000f7580fc8,0x00000000f9f00000)
  from space 5632K, 0% used [0x00000000f9f00000,0x00000000f9f00000,0x00000000fa480000)
  to   space 35328K, 0% used [0x00000000fc180000,0x00000000fc180000,0x00000000fe400000)
 ParOldGen       total 98816K, used 59479K [0x00000000e0000000, 0x00000000e6080000, 0x00000000f5580000)
  object space 98816K, 60% used [0x00000000e0000000,0x00000000e3a15ec0,0x00000000e6080000)
 Metaspace       used 86852K, capacity 93378K, committed 93568K, reserved 1130496K
  class space    used 10634K, capacity 12585K, committed 12672K, reserved 1048576K
GC Heap History (10 events):
Event: 106.326 GC heap before
{Heap before GC invocations=24 (full 4):
 PSYoungGen      total 102912K, used 68096K [0x00000000f5580000, 0x00000000fe400000, 0x0000000100000000)
  eden space 68096K, 100% used [0x00000000f5580000,0x00000000f9800000,0x00000000f9800000)
  from space 34816K, 0% used [0x00000000f9800000,0x00000000f9800000,0x00000000fba00000)
  to   space 37376K, 0% used [0x00000000fbf80000,0x00000000fbf80000,0x00000000fe400000)
 ParOldGen       total 98816K, used 57729K [0x00000000e0000000, 0x00000000e6080000, 0x00000000f5580000)
  object space 98816K, 58% used [0x00000000e0000000,0x00000000e3860430,0x00000000e6080000)
 Metaspace       used 84266K, capacity 90538K, committed 90752K, reserved 1128448K
  class space    used 10444K, capacity 12408K, committed 12416K, reserved 1048576K
Event: 106.332 GC heap after
Heap after GC invocations=24 (full 4):
 PSYoungGen      total 108544K, used 4340K [0x00000000f5580000, 0x00000000fe680000, 0x0000000100000000)
  eden space 71168K, 0% used [0x00000000f5580000,0x00000000f5580000,0x00000000f9b00000)
  from space 37376K, 11% used [0x00000000fbf80000,0x00000000fc3bd188,0x00000000fe400000)
  to   space 37376K, 0% used [0x00000000f9b00000,0x00000000f9b00000,0x00000000fbf80000)
 ParOldGen       total 98816K, used 57737K [0x00000000e0000000, 0x00000000e6080000, 0x00000000f5580000)
  object space 98816K, 58% used [0x00000000e0000000,0x00000000e3862430,0x00000000e6080000)
 Metaspace       used 84266K, capacity 90538K, committed 90752K, reserved 1128448K
  class space    used 10444K, capacity 12408K, committed 12416K, reserved 1048576K
}
Event: 109.611 GC heap before
{Heap before GC invocations=25 (full 4):
 PSYoungGen      total 108544K, used 75508K [0x00000000f5580000, 0x00000000fe680000, 0x0000000100000000)
  eden space 71168K, 100% used [0x00000000f5580000,0x00000000f9b00000,0x00000000f9b00000)
  from space 37376K, 11% used [0x00000000fbf80000,0x00000000fc3bd188,0x00000000fe400000)
  to   space 37376K, 0% used [0x00000000f9b00000,0x00000000f9b00000,0x00000000fbf80000)
 ParOldGen       total 98816K, used 57737K [0x00000000e0000000, 0x00000000e6080000, 0x00000000f5580000)
  object space 98816K, 58% used [0x00000000e0000000,0x00000000e3862430,0x00000000e6080000)
 Metaspace       used 85110K, capacity 91338K, committed 91648K, reserved 1128448K
  class space    used 10474K, capacity 12440K, committed 12544K, reserved 1048576K
Event: 109.623 GC heap after
Heap after GC invocations=25 (full 4):
 PSYoungGen      total 108544K, used 4664K [0x00000000f5580000, 0x00000000fe800000, 0x0000000100000000)
  eden space 71168K, 0% used [0x00000000f5580000,0x00000000f5580000,0x00000000f9b00000)
  from space 37376K, 12% used [0x00000000f9b00000,0x00000000f9f8e2a0,0x00000000fbf80000)
  to   space 36864K, 0% used [0x00000000fc400000,0x00000000fc400000,0x00000000fe800000)
 ParOldGen       total 98816K, used 57745K [0x00000000e0000000, 0x00000000e6080000, 0x00000000f5580000)
  object space 98816K, 58% used [0x00000000e0000000,0x00000000e3864430,0x00000000e6080000)
 Metaspace       used 85110K, capacity 91338K, committed 91648K, reserved 1128448K
  class space    used 10474K, capacity 12440K, committed 12544K, reserved 1048576K
}
Event: 134.480 GC heap before
{Heap before GC invocations=26 (full 4):
 PSYoungGen      total 108544K, used 75832K [0x00000000f5580000, 0x00000000fe800000, 0x0000000100000000)
  eden space 71168K, 100% used [0x00000000f5580000,0x00000000f9b00000,0x00000000f9b00000)
  from space 37376K, 12% used [0x00000000f9b00000,0x00000000f9f8e2a0,0x00000000fbf80000)
  to   space 36864K, 0% used [0x00000000fc400000,0x00000000fc400000,0x00000000fe800000)
 ParOldGen       total 98816K, used 57745K [0x00000000e0000000, 0x00000000e6080000, 0x00000000f5580000)
  object space 98816K, 58% used [0x00000000e0000000,0x00000000e3864430,0x00000000e6080000)
 Metaspace       used 85671K, capacity 92214K, committed 92416K, reserved 1128448K
  class space    used 10518K, capacity 12518K, committed 12544K, reserved 1048576K
Event: 134.486 GC heap after
Heap after GC invocations=26 (full 4):
 PSYoungGen      total 110080K, used 5060K [0x00000000f5580000, 0x00000000fe600000, 0x0000000100000000)
  eden space 75264K, 0% used [0x00000000f5580000,0x00000000f5580000,0x00000000f9f00000)
  from space 34816K, 14% used [0x00000000fc400000,0x00000000fc8f1090,0x00000000fe600000)
  to   space 36352K, 0% used [0x00000000f9f00000,0x00000000f9f00000,0x00000000fc280000)
 ParOldGen       total 98816K, used 57753K [0x00000000e0000000, 0x00000000e6080000, 0x00000000f5580000)
  object space 98816K, 58% used [0x00000000e0000000,0x00000000e3866430,0x00000000e6080000)
 Metaspace       used 85671K, capacity 92214K, committed 92416K, reserved 1128448K
  class space    used 10518K, capacity 12518K, committed 12544K, reserved 1048576K
}
Event: 150.660 GC heap before
{Heap before GC invocations=27 (full 4):
 PSYoungGen      total 110080K, used 23149K [0x00000000f5580000, 0x00000000fe600000, 0x0000000100000000)
  eden space 75264K, 24% used [0x00000000f5580000,0x00000000f672a560,0x00000000f9f00000)
  from space 34816K, 14% used [0x00000000fc400000,0x00000000fc8f1090,0x00000000fe600000)
  to   space 36352K, 0% used [0x00000000f9f00000,0x00000000f9f00000,0x00000000fc280000)
 ParOldGen       total 98816K, used 57753K [0x00000000e0000000, 0x00000000e6080000, 0x00000000f5580000)
  object space 98816K, 58% used [0x00000000e0000000,0x00000000e3866430,0x00000000e6080000)
 Metaspace       used 85832K, capacity 92472K, committed 92672K, reserved 1130496K
  class space    used 10531K, capacity 12520K, committed 12544K, reserved 1048576K
Event: 150.672 GC heap after
Heap after GC invocations=27 (full 4):
 PSYoungGen      total 80896K, used 5220K [0x00000000f5580000, 0x00000000fe400000, 0x0000000100000000)
  eden space 75264K, 0% used [0x00000000f5580000,0x00000000f5580000,0x00000000f9f00000)
  from space 5632K, 92% used [0x00000000f9f00000,0x00000000fa4191c0,0x00000000fa480000)
  to   space 35328K, 0% used [0x00000000fc180000,0x00000000fc180000,0x00000000fe400000)
 ParOldGen       total 98816K, used 57761K [0x00000000e0000000, 0x00000000e6080000, 0x00000000f5580000)
  object space 98816K, 58% used [0x00000000e0000000,0x00000000e3868430,0x00000000e6080000)
 Metaspace       used 85832K, capacity 92472K, committed 92672K, reserved 1130496K
  class space    used 10531K, capacity 12520K, committed 12544K, reserved 1048576K
}
Event: 150.672 GC heap before
{Heap before GC invocations=28 (full 5):
 PSYoungGen      total 80896K, used 5220K [0x00000000f5580000, 0x00000000fe400000, 0x0000000100000000)
  eden space 75264K, 0% used [0x00000000f5580000,0x00000000f5580000,0x00000000f9f00000)
  from space 5632K, 92% used [0x00000000f9f00000,0x00000000fa4191c0,0x00000000fa480000)
  to   space 35328K, 0% used [0x00000000fc180000,0x00000000fc180000,0x00000000fe400000)
 ParOldGen       total 98816K, used 57761K [0x00000000e0000000, 0x00000000e6080000, 0x00000000f5580000)
  object space 98816K, 58% used [0x00000000e0000000,0x00000000e3868430,0x00000000e6080000)
 Metaspace       used 85832K, capacity 92472K, committed 92672K, reserved 1130496K
  class space    used 10531K, capacity 12520K, committed 12544K, reserved 1048576K
Event: 150.977 GC heap after
Heap after GC invocations=28 (full 5):
 PSYoungGen      total 80896K, used 0K [0x00000000f5580000, 0x00000000fe400000, 0x0000000100000000)
  eden space 75264K, 0% used [0x00000000f5580000,0x00000000f5580000,0x00000000f9f00000)
  from space 5632K, 0% used [0x00000000f9f00000,0x00000000f9f00000,0x00000000fa480000)
  to   space 35328K, 0% used [0x00000000fc180000,0x00000000fc180000,0x00000000fe400000)
 ParOldGen       total 98816K, used 59479K [0x00000000e0000000, 0x00000000e6080000, 0x00000000f5580000)
  object space 98816K, 60% used [0x00000000e0000000,0x00000000e3a15ec0,0x00000000e6080000)
 Metaspace       used 85832K, capacity 92472K, committed 92672K, reserved 1130496K
  class space    used 10531K, capacity 12520K, committed 12544K, reserved 1048576K
}

