# JRE version: Java(TM) SE Runtime Environment (8.0_45-b15) (build 1.8.0_45-b15)
# Java VM: Java HotSpot(TM) 64-Bit Server VM (25.45-b02 mixed mode windows-amd64 compressed oops)
Heap:
 PSYoungGen      total 139776K, used 33975K [0x00000000f5580000, 0x0000000100000000, 0x0000000100000000)
  eden space 105984K, 32% used [0x00000000f5580000,0x00000000f76adee8,0x00000000fbd00000)
  from space 33792K, 0% used [0x00000000fdf00000,0x00000000fdf00000,0x0000000100000000)
  to   space 34304K, 0% used [0x00000000fbd00000,0x00000000fbd00000,0x00000000fde80000)
 ParOldGen       total 103424K, used 57070K [0x00000000e0000000, 0x00000000e6500000, 0x00000000f5580000)
  object space 103424K, 55% used [0x00000000e0000000,0x00000000e37bb898,0x00000000e6500000)
 Metaspace       used 81302K, capacity 88006K, committed 88320K, reserved 1126400K
  class space    used 9901K, capacity 11950K, committed 12032K, reserved 1048576K
GC Heap History (10 events):
Event: 160.422 GC heap before
{Heap before GC invocations=17 (full 3):
 PSYoungGen      total 128000K, used 124024K [0x00000000f5580000, 0x00000000ffd80000, 0x0000000100000000)
  eden space 99328K, 100% used [0x00000000f5580000,0x00000000fb680000,0x00000000fb680000)
  from space 28672K, 86% used [0x00000000fb680000,0x00000000fce9e200,0x00000000fd280000)
  to   space 31232K, 0% used [0x00000000fdf00000,0x00000000fdf00000,0x00000000ffd80000)
 ParOldGen       total 103424K, used 47625K [0x00000000e0000000, 0x00000000e6500000, 0x00000000f5580000)
  object space 103424K, 46% used [0x00000000e0000000,0x00000000e2e826a0,0x00000000e6500000)
 Metaspace       used 77349K, capacity 83940K, committed 84224K, reserved 1122304K
  class space    used 9441K, capacity 11450K, committed 11520K, reserved 1048576K
Event: 160.443 GC heap after
Heap after GC invocations=17 (full 3):
 PSYoungGen      total 138752K, used 22427K [0x00000000f5580000, 0x00000000ffe80000, 0x0000000100000000)
  eden space 107520K, 0% used [0x00000000f5580000,0x00000000f5580000,0x00000000fbe80000)
  from space 31232K, 71% used [0x00000000fdf00000,0x00000000ff4e6c98,0x00000000ffd80000)
  to   space 32768K, 0% used [0x00000000fbe80000,0x00000000fbe80000,0x00000000fde80000)
 ParOldGen       total 103424K, used 47633K [0x00000000e0000000, 0x00000000e6500000, 0x00000000f5580000)
  object space 103424K, 46% used [0x00000000e0000000,0x00000000e2e846a0,0x00000000e6500000)
 Metaspace       used 77349K, capacity 83940K, committed 84224K, reserved 1122304K
  class space    used 9441K, capacity 11450K, committed 11520K, reserved 1048576K
}
Event: 184.280 GC heap before
{Heap before GC invocations=18 (full 3):
 PSYoungGen      total 138752K, used 94780K [0x00000000f5580000, 0x00000000ffe80000, 0x0000000100000000)
  eden space 107520K, 67% used [0x00000000f5580000,0x00000000f9c283b0,0x00000000fbe80000)
  from space 31232K, 71% used [0x00000000fdf00000,0x00000000ff4e6c98,0x00000000ffd80000)
  to   space 32768K, 0% used [0x00000000fbe80000,0x00000000fbe80000,0x00000000fde80000)
 ParOldGen       total 103424K, used 47633K [0x00000000e0000000, 0x00000000e6500000, 0x00000000f5580000)
  object space 103424K, 46% used [0x00000000e0000000,0x00000000e2e846a0,0x00000000e6500000)
 Metaspace       used 78010K, capacity 84566K, committed 84736K, reserved 1122304K
  class space    used 9475K, capacity 11485K, committed 11520K, reserved 1048576K
Event: 184.301 GC heap after
Heap after GC invocations=18 (full 3):
 PSYoungGen      total 140288K, used 22808K [0x00000000f5580000, 0x0000000100000000, 0x0000000100000000)
  eden space 107520K, 0% used [0x00000000f5580000,0x00000000f5580000,0x00000000fbe80000)
  from space 32768K, 69% used [0x00000000fbe80000,0x00000000fd4c6088,0x00000000fde80000)
  to   space 33792K, 0% used [0x00000000fdf00000,0x00000000fdf00000,0x0000000100000000)
 ParOldGen       total 103424K, used 47641K [0x00000000e0000000, 0x00000000e6500000, 0x00000000f5580000)
  object space 103424K, 46% used [0x00000000e0000000,0x00000000e2e866a0,0x00000000e6500000)
 Metaspace       used 78010K, capacity 84566K, committed 84736K, reserved 1122304K
  class space    used 9475K, capacity 11485K, committed 11520K, reserved 1048576K
}
Event: 184.301 GC heap before
{Heap before GC invocations=19 (full 4):
 PSYoungGen      total 140288K, used 22808K [0x00000000f5580000, 0x0000000100000000, 0x0000000100000000)
  eden space 107520K, 0% used [0x00000000f5580000,0x00000000f5580000,0x00000000fbe80000)
  from space 32768K, 69% used [0x00000000fbe80000,0x00000000fd4c6088,0x00000000fde80000)
  to   space 33792K, 0% used [0x00000000fdf00000,0x00000000fdf00000,0x0000000100000000)
 ParOldGen       total 103424K, used 47641K [0x00000000e0000000, 0x00000000e6500000, 0x00000000f5580000)
  object space 103424K, 46% used [0x00000000e0000000,0x00000000e2e866a0,0x00000000e6500000)
 Metaspace       used 78010K, capacity 84566K, committed 84736K, reserved 1122304K
  class space    used 9475K, capacity 11485K, committed 11520K, reserved 1048576K
Event: 184.655 GC heap after
Heap after GC invocations=19 (full 4):
 PSYoungGen      total 140288K, used 0K [0x00000000f5580000, 0x0000000100000000, 0x0000000100000000)
  eden space 107520K, 0% used [0x00000000f5580000,0x00000000f5580000,0x00000000fbe80000)
  from space 32768K, 0% used [0x00000000fbe80000,0x00000000fbe80000,0x00000000fde80000)
  to   space 33792K, 0% used [0x00000000fdf00000,0x00000000fdf00000,0x0000000100000000)
 ParOldGen       total 103424K, used 55101K [0x00000000e0000000, 0x00000000e6500000, 0x00000000f5580000)
  object space 103424K, 53% used [0x00000000e0000000,0x00000000e35cf500,0x00000000e6500000)
 Metaspace       used 78010K, capacity 84566K, committed 84736K, reserved 1122304K
  class space    used 9475K, capacity 11485K, committed 11520K, reserved 1048576K
}
Event: 244.295 GC heap before
{Heap before GC invocations=20 (full 4):
 PSYoungGen      total 140288K, used 51282K [0x00000000f5580000, 0x0000000100000000, 0x0000000100000000)
  eden space 107520K, 47% used [0x00000000f5580000,0x00000000f8794a28,0x00000000fbe80000)
  from space 32768K, 0% used [0x00000000fbe80000,0x00000000fbe80000,0x00000000fde80000)
  to   space 33792K, 0% used [0x00000000fdf00000,0x00000000fdf00000,0x0000000100000000)
 ParOldGen       total 103424K, used 55101K [0x00000000e0000000, 0x00000000e6500000, 0x00000000f5580000)
  object space 103424K, 53% used [0x00000000e0000000,0x00000000e35cf500,0x00000000e6500000)
 Metaspace       used 80041K, capacity 86542K, committed 86784K, reserved 1124352K
  class space    used 9761K, capacity 11721K, committed 11776K, reserved 1048576K
Event: 244.308 GC heap after
Heap after GC invocations=20 (full 4):
 PSYoungGen      total 139776K, used 3190K [0x00000000f5580000, 0x0000000100000000, 0x0000000100000000)
  eden space 105984K, 0% used [0x00000000f5580000,0x00000000f5580000,0x00000000fbd00000)
  from space 33792K, 9% used [0x00000000fdf00000,0x00000000fe21d950,0x0000000100000000)
  to   space 34304K, 0% used [0x00000000fbd00000,0x00000000fbd00000,0x00000000fde80000)
 ParOldGen       total 103424K, used 55101K [0x00000000e0000000, 0x00000000e6500000, 0x00000000f5580000)
  object space 103424K, 53% used [0x00000000e0000000,0x00000000e35cf500,0x00000000e6500000)
 Metaspace       used 80041K, capacity 86542K, committed 86784K, reserved 1124352K
  class space    used 9761K, capacity 11721K, committed 11776K, reserved 1048576K
}
Event: 244.308 GC heap before
{Heap before GC invocations=21 (full 5):
 PSYoungGen      total 139776K, used 3190K [0x00000000f5580000, 0x0000000100000000, 0x0000000100000000)
  eden space 105984K, 0% used [0x00000000f5580000,0x00000000f5580000,0x00000000fbd00000)
  from space 33792K, 9% used [0x00000000fdf00000,0x00000000fe21d950,0x0000000100000000)
  to   space 34304K, 0% used [0x00000000fbd00000,0x00000000fbd00000,0x00000000fde80000)
 ParOldGen       total 103424K, used 55101K [0x00000000e0000000, 0x00000000e6500000, 0x00000000f5580000)
  object space 103424K, 53% used [0x00000000e0000000,0x00000000e35cf500,0x00000000e6500000)
 Metaspace       used 80041K, capacity 86542K, committed 86784K, reserved 1124352K
  class space    used 9761K, capacity 11721K, committed 11776K, reserved 1048576K
Event: 244.767 GC heap after
Heap after GC invocations=21 (full 5):
 PSYoungGen      total 139776K, used 0K [0x00000000f5580000, 0x0000000100000000, 0x0000000100000000)
  eden space 105984K, 0% used [0x00000000f5580000,0x00000000f5580000,0x00000000fbd00000)
  from space 33792K, 0% used [0x00000000fdf00000,0x00000000fdf00000,0x0000000100000000)
  to   space 34304K, 0% used [0x00000000fbd00000,0x00000000fbd00000,0x00000000fde80000)
 ParOldGen       total 103424K, used 57070K [0x00000000e0000000, 0x00000000e6500000, 0x00000000f5580000)
  object space 103424K, 55% used [0x00000000e0000000,0x00000000e37bb898,0x00000000e6500000)
 Metaspace       used 80041K, capacity 86542K, committed 86784K, reserved 1124352K
  class space    used 9761K, capacity 11721K, committed 11776K, reserved 1048576K
}

