# JRE version: Java(TM) SE Runtime Environment (8.0_45-b15) (build 1.8.0_45-b15)
# Java VM: Java HotSpot(TM) 64-Bit Server VM (25.45-b02 mixed mode windows-amd64 compressed oops)
Heap:
 PSYoungGen      total 111104K, used 32589K [0x00000000f5580000, 0x00000000fd900000, 0x0000000100000000)
  eden space 87552K, 37% used [0x00000000f5580000,0x00000000f75537e8,0x00000000fab00000)
  from space 23552K, 0% used [0x00000000fab00000,0x00000000fab00000,0x00000000fc200000)
  to   space 23552K, 0% used [0x00000000fc200000,0x00000000fc200000,0x00000000fd900000)
 ParOldGen       total 77824K, used 57255K [0x00000000e0000000, 0x00000000e4c00000, 0x00000000f5580000)
  object space 77824K, 73% used [0x00000000e0000000,0x00000000e37e9d90,0x00000000e4c00000)
 Metaspace       used 81583K, capacity 88132K, committed 88320K, reserved 1126400K
  class space    used 9887K, capacity 11908K, committed 12032K, reserved 1048576K
GC Heap History (10 events):
Event: 229.687 GC heap before
{Heap before GC invocations=30 (full 5):
 PSYoungGen      total 111616K, used 3546K [0x00000000f5580000, 0x00000000fda00000, 0x0000000100000000)
  eden space 87040K, 0% used [0x00000000f5580000,0x00000000f5580000,0x00000000faa80000)
  from space 24576K, 14% used [0x00000000faa80000,0x00000000fadf68a8,0x00000000fc280000)
  to   space 24064K, 0% used [0x00000000fc280000,0x00000000fc280000,0x00000000fda00000)
 ParOldGen       total 77824K, used 58144K [0x00000000e0000000, 0x00000000e4c00000, 0x00000000f5580000)
  object space 77824K, 74% used [0x00000000e0000000,0x00000000e38c8150,0x00000000e4c00000)
 Metaspace       used 77662K, capacity 83746K, committed 83968K, reserved 1122304K
  class space    used 9426K, capacity 11408K, committed 11520K, reserved 1048576K
Event: 230.060 GC heap after
Heap after GC invocations=30 (full 5):
 PSYoungGen      total 111616K, used 0K [0x00000000f5580000, 0x00000000fda00000, 0x0000000100000000)
  eden space 87040K, 0% used [0x00000000f5580000,0x00000000f5580000,0x00000000faa80000)
  from space 24576K, 0% used [0x00000000faa80000,0x00000000faa80000,0x00000000fc280000)
  to   space 24064K, 0% used [0x00000000fc280000,0x00000000fc280000,0x00000000fda00000)
 ParOldGen       total 77824K, used 55787K [0x00000000e0000000, 0x00000000e4c00000, 0x00000000f5580000)
  object space 77824K, 71% used [0x00000000e0000000,0x00000000e367ad18,0x00000000e4c00000)
 Metaspace       used 77662K, capacity 83746K, committed 83968K, reserved 1122304K
  class space    used 9426K, capacity 11408K, committed 11520K, reserved 1048576K
}
Event: 289.672 GC heap before
{Heap before GC invocations=31 (full 5):
 PSYoungGen      total 111616K, used 85094K [0x00000000f5580000, 0x00000000fda00000, 0x0000000100000000)
  eden space 87040K, 97% used [0x00000000f5580000,0x00000000fa899960,0x00000000faa80000)
  from space 24576K, 0% used [0x00000000faa80000,0x00000000faa80000,0x00000000fc280000)
  to   space 24064K, 0% used [0x00000000fc280000,0x00000000fc280000,0x00000000fda00000)
 ParOldGen       total 77824K, used 55787K [0x00000000e0000000, 0x00000000e4c00000, 0x00000000f5580000)
  object space 77824K, 71% used [0x00000000e0000000,0x00000000e367ad18,0x00000000e4c00000)
 Metaspace       used 80190K, capacity 86380K, committed 86528K, reserved 1124352K
  class space    used 9741K, capacity 11711K, committed 11776K, reserved 1048576K
Event: 289.687 GC heap after
Heap after GC invocations=31 (full 5):
 PSYoungGen      total 110592K, used 4373K [0x00000000f5580000, 0x00000000fd900000, 0x0000000100000000)
  eden space 87552K, 0% used [0x00000000f5580000,0x00000000f5580000,0x00000000fab00000)
  from space 23040K, 18% used [0x00000000fc280000,0x00000000fc6c5538,0x00000000fd900000)
  to   space 23552K, 0% used [0x00000000fab00000,0x00000000fab00000,0x00000000fc200000)
 ParOldGen       total 77824K, used 55795K [0x00000000e0000000, 0x00000000e4c00000, 0x00000000f5580000)
  object space 77824K, 71% used [0x00000000e0000000,0x00000000e367cd18,0x00000000e4c00000)
 Metaspace       used 80190K, capacity 86380K, committed 86528K, reserved 1124352K
  class space    used 9741K, capacity 11711K, committed 11776K, reserved 1048576K
}
Event: 289.687 GC heap before
{Heap before GC invocations=32 (full 6):
 PSYoungGen      total 110592K, used 4373K [0x00000000f5580000, 0x00000000fd900000, 0x0000000100000000)
  eden space 87552K, 0% used [0x00000000f5580000,0x00000000f5580000,0x00000000fab00000)
  from space 23040K, 18% used [0x00000000fc280000,0x00000000fc6c5538,0x00000000fd900000)
  to   space 23552K, 0% used [0x00000000fab00000,0x00000000fab00000,0x00000000fc200000)
 ParOldGen       total 77824K, used 55795K [0x00000000e0000000, 0x00000000e4c00000, 0x00000000f5580000)
  object space 77824K, 71% used [0x00000000e0000000,0x00000000e367cd18,0x00000000e4c00000)
 Metaspace       used 80190K, capacity 86380K, committed 86528K, reserved 1124352K
  class space    used 9741K, capacity 11711K, committed 11776K, reserved 1048576K
Event: 290.041 GC heap after
Heap after GC invocations=32 (full 6):
 PSYoungGen      total 110592K, used 0K [0x00000000f5580000, 0x00000000fd900000, 0x0000000100000000)
  eden space 87552K, 0% used [0x00000000f5580000,0x00000000f5580000,0x00000000fab00000)
  from space 23040K, 0% used [0x00000000fc280000,0x00000000fc280000,0x00000000fd900000)
  to   space 23552K, 0% used [0x00000000fab00000,0x00000000fab00000,0x00000000fc200000)
 ParOldGen       total 77824K, used 58588K [0x00000000e0000000, 0x00000000e4c00000, 0x00000000f5580000)
  object space 77824K, 75% used [0x00000000e0000000,0x00000000e3937330,0x00000000e4c00000)
 Metaspace       used 80190K, capacity 86380K, committed 86528K, reserved 1124352K
  class space    used 9741K, capacity 11711K, committed 11776K, reserved 1048576K
}
Event: 349.680 GC heap before
{Heap before GC invocations=33 (full 6):
 PSYoungGen      total 110592K, used 12943K [0x00000000f5580000, 0x00000000fd900000, 0x0000000100000000)
  eden space 87552K, 14% used [0x00000000f5580000,0x00000000f6223e98,0x00000000fab00000)
  from space 23040K, 0% used [0x00000000fc280000,0x00000000fc280000,0x00000000fd900000)
  to   space 23552K, 0% used [0x00000000fab00000,0x00000000fab00000,0x00000000fc200000)
 ParOldGen       total 77824K, used 58588K [0x00000000e0000000, 0x00000000e4c00000, 0x00000000f5580000)
  object space 77824K, 75% used [0x00000000e0000000,0x00000000e3937330,0x00000000e4c00000)
 Metaspace       used 80630K, capacity 86796K, committed 87040K, reserved 1124352K
  class space    used 9773K, capacity 11743K, committed 11776K, reserved 1048576K
Event: 349.689 GC heap after
Heap after GC invocations=33 (full 6):
 PSYoungGen      total 111104K, used 1024K [0x00000000f5580000, 0x00000000fd900000, 0x0000000100000000)
  eden space 87552K, 0% used [0x00000000f5580000,0x00000000f5580000,0x00000000fab00000)
  from space 23552K, 4% used [0x00000000fab00000,0x00000000fac00068,0x00000000fc200000)
  to   space 23552K, 0% used [0x00000000fc200000,0x00000000fc200000,0x00000000fd900000)
 ParOldGen       total 77824K, used 58596K [0x00000000e0000000, 0x00000000e4c00000, 0x00000000f5580000)
  object space 77824K, 75% used [0x00000000e0000000,0x00000000e3939330,0x00000000e4c00000)
 Metaspace       used 80630K, capacity 86796K, committed 87040K, reserved 1124352K
  class space    used 9773K, capacity 11743K, committed 11776K, reserved 1048576K
}
Event: 349.689 GC heap before
{Heap before GC invocations=34 (full 7):
 PSYoungGen      total 111104K, used 1024K [0x00000000f5580000, 0x00000000fd900000, 0x0000000100000000)
  eden space 87552K, 0% used [0x00000000f5580000,0x00000000f5580000,0x00000000fab00000)
  from space 23552K, 4% used [0x00000000fab00000,0x00000000fac00068,0x00000000fc200000)
  to   space 23552K, 0% used [0x00000000fc200000,0x00000000fc200000,0x00000000fd900000)
 ParOldGen       total 77824K, used 58596K [0x00000000e0000000, 0x00000000e4c00000, 0x00000000f5580000)
  object space 77824K, 75% used [0x00000000e0000000,0x00000000e3939330,0x00000000e4c00000)
 Metaspace       used 80630K, capacity 86796K, committed 87040K, reserved 1124352K
  class space    used 9773K, capacity 11743K, committed 11776K, reserved 1048576K
Event: 350.017 GC heap after
Heap after GC invocations=34 (full 7):
 PSYoungGen      total 111104K, used 0K [0x00000000f5580000, 0x00000000fd900000, 0x0000000100000000)
  eden space 87552K, 0% used [0x00000000f5580000,0x00000000f5580000,0x00000000fab00000)
  from space 23552K, 0% used [0x00000000fab00000,0x00000000fab00000,0x00000000fc200000)
  to   space 23552K, 0% used [0x00000000fc200000,0x00000000fc200000,0x00000000fd900000)
 ParOldGen       total 77824K, used 57255K [0x00000000e0000000, 0x00000000e4c00000, 0x00000000f5580000)
  object space 77824K, 73% used [0x00000000e0000000,0x00000000e37e9d90,0x00000000e4c00000)
 Metaspace       used 80630K, capacity 86796K, committed 87040K, reserved 1124352K
  class space    used 9773K, capacity 11743K, committed 11776K, reserved 1048576K
}

