# JRE version: Java(TM) SE Runtime Environment (8.0_45-b15) (build 1.8.0_45-b15)
# Java VM: Java HotSpot(TM) 64-Bit Server VM (25.45-b02 mixed mode windows-amd64 compressed oops)
Heap:
 PSYoungGen      total 72192K, used 33028K [0x00000000f5580000, 0x00000000fb780000, 0x0000000100000000)
  eden space 48128K, 49% used [0x00000000f5580000,0x00000000f6ca4bb0,0x00000000f8480000)
  from space 24064K, 38% used [0x00000000fa000000,0x00000000fa91c7b0,0x00000000fb780000)
  to   space 26112K, 0% used [0x00000000f8480000,0x00000000f8480000,0x00000000f9e00000)
 ParOldGen       total 188928K, used 57173K [0x00000000e0000000, 0x00000000eb880000, 0x00000000f5580000)
  object space 188928K, 30% used [0x00000000e0000000,0x00000000e37d5460,0x00000000eb880000)
 Metaspace       used 97596K, capacity 104850K, committed 104960K, reserved 1140736K
  class space    used 11802K, capacity 14033K, committed 14080K, reserved 1048576K
GC Heap History (10 events):
Event: 2571.533 GC heap before
{Heap before GC invocations=57 (full 7):
 PSYoungGen      total 60928K, used 60598K [0x00000000f5580000, 0x00000000fd000000, 0x0000000100000000)
  eden space 52736K, 100% used [0x00000000f5580000,0x00000000f8900000,0x00000000f8900000)
  from space 8192K, 95% used [0x00000000f8a00000,0x00000000f91adb10,0x00000000f9200000)
  to   space 36352K, 0% used [0x00000000fac80000,0x00000000fac80000,0x00000000fd000000)
 ParOldGen       total 188928K, used 57141K [0x00000000e0000000, 0x00000000eb880000, 0x00000000f5580000)
  object space 188928K, 30% used [0x00000000e0000000,0x00000000e37cd460,0x00000000eb880000)
 Metaspace       used 95666K, capacity 102744K, committed 102912K, reserved 1138688K
  class space    used 11612K, capacity 13736K, committed 13824K, reserved 1048576K
Event: 2571.541 GC heap after
Heap after GC invocations=57 (full 7):
 PSYoungGen      total 81920K, used 8276K [0x00000000f5580000, 0x00000000fca00000, 0x0000000100000000)
  eden space 51712K, 0% used [0x00000000f5580000,0x00000000f5580000,0x00000000f8800000)
  from space 30208K, 27% used [0x00000000fac80000,0x00000000fb495018,0x00000000fca00000)
  to   space 33792K, 0% used [0x00000000f8800000,0x00000000f8800000,0x00000000fa900000)
 ParOldGen       total 188928K, used 57149K [0x00000000e0000000, 0x00000000eb880000, 0x00000000f5580000)
  object space 188928K, 30% used [0x00000000e0000000,0x00000000e37cf460,0x00000000eb880000)
 Metaspace       used 95666K, capacity 102744K, committed 102912K, reserved 1138688K
  class space    used 11612K, capacity 13736K, committed 13824K, reserved 1048576K
}
Event: 2829.087 GC heap before
{Heap before GC invocations=58 (full 7):
 PSYoungGen      total 81920K, used 59988K [0x00000000f5580000, 0x00000000fca00000, 0x0000000100000000)
  eden space 51712K, 100% used [0x00000000f5580000,0x00000000f8800000,0x00000000f8800000)
  from space 30208K, 27% used [0x00000000fac80000,0x00000000fb495018,0x00000000fca00000)
  to   space 33792K, 0% used [0x00000000f8800000,0x00000000f8800000,0x00000000fa900000)
 ParOldGen       total 188928K, used 57149K [0x00000000e0000000, 0x00000000eb880000, 0x00000000f5580000)
  object space 188928K, 30% used [0x00000000e0000000,0x00000000e37cf460,0x00000000eb880000)
 Metaspace       used 96637K, capacity 103920K, committed 104064K, reserved 1138688K
  class space    used 11711K, capacity 13916K, committed 13952K, reserved 1048576K
Event: 2829.095 GC heap after
Heap after GC invocations=58 (full 7):
 PSYoungGen      total 60416K, used 9428K [0x00000000f5580000, 0x00000000fc500000, 0x0000000100000000)
  eden space 50688K, 0% used [0x00000000f5580000,0x00000000f5580000,0x00000000f8700000)
  from space 9728K, 96% used [0x00000000f8800000,0x00000000f9135328,0x00000000f9180000)
  to   space 31744K, 0% used [0x00000000fa600000,0x00000000fa600000,0x00000000fc500000)
 ParOldGen       total 188928K, used 57157K [0x00000000e0000000, 0x00000000eb880000, 0x00000000f5580000)
  object space 188928K, 30% used [0x00000000e0000000,0x00000000e37d1460,0x00000000eb880000)
 Metaspace       used 96637K, capacity 103920K, committed 104064K, reserved 1138688K
  class space    used 11711K, capacity 13916K, committed 13952K, reserved 1048576K
}
Event: 2844.529 GC heap before
{Heap before GC invocations=59 (full 7):
 PSYoungGen      total 60416K, used 60116K [0x00000000f5580000, 0x00000000fc500000, 0x0000000100000000)
  eden space 50688K, 100% used [0x00000000f5580000,0x00000000f8700000,0x00000000f8700000)
  from space 9728K, 96% used [0x00000000f8800000,0x00000000f9135328,0x00000000f9180000)
  to   space 31744K, 0% used [0x00000000fa600000,0x00000000fa600000,0x00000000fc500000)
 ParOldGen       total 188928K, used 57157K [0x00000000e0000000, 0x00000000eb880000, 0x00000000f5580000)
  object space 188928K, 30% used [0x00000000e0000000,0x00000000e37d1460,0x00000000eb880000)
 Metaspace       used 96738K, capacity 104048K, committed 104320K, reserved 1140736K
  class space    used 11711K, capacity 13916K, committed 13952K, reserved 1048576K
Event: 2844.539 GC heap after
Heap after GC invocations=59 (full 7):
 PSYoungGen      total 75264K, used 9088K [0x00000000f5580000, 0x00000000fbf00000, 0x0000000100000000)
  eden space 49664K, 0% used [0x00000000f5580000,0x00000000f5580000,0x00000000f8600000)
  from space 25600K, 35% used [0x00000000fa600000,0x00000000faee0150,0x00000000fbf00000)
  to   space 29184K, 0% used [0x00000000f8600000,0x00000000f8600000,0x00000000fa280000)
 ParOldGen       total 188928K, used 57165K [0x00000000e0000000, 0x00000000eb880000, 0x00000000f5580000)
  object space 188928K, 30% used [0x00000000e0000000,0x00000000e37d3460,0x00000000eb880000)
 Metaspace       used 96738K, capacity 104048K, committed 104320K, reserved 1140736K
  class space    used 11711K, capacity 13916K, committed 13952K, reserved 1048576K
}
Event: 2916.801 GC heap before
{Heap before GC invocations=60 (full 7):
 PSYoungGen      total 75264K, used 58752K [0x00000000f5580000, 0x00000000fbf00000, 0x0000000100000000)
  eden space 49664K, 100% used [0x00000000f5580000,0x00000000f8600000,0x00000000f8600000)
  from space 25600K, 35% used [0x00000000fa600000,0x00000000faee0150,0x00000000fbf00000)
  to   space 29184K, 0% used [0x00000000f8600000,0x00000000f8600000,0x00000000fa280000)
 ParOldGen       total 188928K, used 57165K [0x00000000e0000000, 0x00000000eb880000, 0x00000000f5580000)
  object space 188928K, 30% used [0x00000000e0000000,0x00000000e37d3460,0x00000000eb880000)
 Metaspace       used 96848K, capacity 104150K, committed 104320K, reserved 1140736K
  class space    used 11721K, capacity 13933K, committed 13952K, reserved 1048576K
Event: 2916.810 GC heap after
Heap after GC invocations=60 (full 7):
 PSYoungGen      total 58368K, used 9606K [0x00000000f5580000, 0x00000000fbb00000, 0x0000000100000000)
  eden space 48640K, 0% used [0x00000000f5580000,0x00000000f5580000,0x00000000f8500000)
  from space 9728K, 98% used [0x00000000f8600000,0x00000000f8f618a0,0x00000000f8f80000)
  to   space 27648K, 0% used [0x00000000fa000000,0x00000000fa000000,0x00000000fbb00000)
 ParOldGen       total 188928K, used 57165K [0x00000000e0000000, 0x00000000eb880000, 0x00000000f5580000)
  object space 188928K, 30% used [0x00000000e0000000,0x00000000e37d3460,0x00000000eb880000)
 Metaspace       used 96848K, capacity 104150K, committed 104320K, reserved 1140736K
  class space    used 11721K, capacity 13933K, committed 13952K, reserved 1048576K
}
Event: 3208.383 GC heap before
{Heap before GC invocations=61 (full 7):
 PSYoungGen      total 58368K, used 58246K [0x00000000f5580000, 0x00000000fbb00000, 0x0000000100000000)
  eden space 48640K, 100% used [0x00000000f5580000,0x00000000f8500000,0x00000000f8500000)
  from space 9728K, 98% used [0x00000000f8600000,0x00000000f8f618a0,0x00000000f8f80000)
  to   space 27648K, 0% used [0x00000000fa000000,0x00000000fa000000,0x00000000fbb00000)
 ParOldGen       total 188928K, used 57165K [0x00000000e0000000, 0x00000000eb880000, 0x00000000f5580000)
  object space 188928K, 30% used [0x00000000e0000000,0x00000000e37d3460,0x00000000eb880000)
 Metaspace       used 96927K, capacity 104348K, committed 104576K, reserved 1140736K
  class space    used 11729K, capacity 13934K, committed 13952K, reserved 1048576K
Event: 3208.391 GC heap after
Heap after GC invocations=61 (full 7):
 PSYoungGen      total 72192K, used 9329K [0x00000000f5580000, 0x00000000fb780000, 0x0000000100000000)
  eden space 48128K, 0% used [0x00000000f5580000,0x00000000f5580000,0x00000000f8480000)
  from space 24064K, 38% used [0x00000000fa000000,0x00000000fa91c7b0,0x00000000fb780000)
  to   space 26112K, 0% used [0x00000000f8480000,0x00000000f8480000,0x00000000f9e00000)
 ParOldGen       total 188928K, used 57173K [0x00000000e0000000, 0x00000000eb880000, 0x00000000f5580000)
  object space 188928K, 30% used [0x00000000e0000000,0x00000000e37d5460,0x00000000eb880000)
 Metaspace       used 96927K, capacity 104348K, committed 104576K, reserved 1140736K
  class space    used 11729K, capacity 13934K, committed 13952K, reserved 1048576K
}

