# JRE version: Java(TM) SE Runtime Environment (8.0_45-b15) (build 1.8.0_45-b15)
# Java VM: Java HotSpot(TM) 64-Bit Server VM (25.45-b02 mixed mode windows-amd64 compressed oops)
Heap:
 PSYoungGen      total 120832K, used 95657K [0x00000000f5580000, 0x00000000fd380000, 0x0000000100000000)
  eden space 112128K, 84% used [0x00000000f5580000,0x00000000fb28a4f8,0x00000000fc300000)
  from space 8704K, 4% used [0x00000000fcb00000,0x00000000fcb60000,0x00000000fd380000)
  to   space 8192K, 0% used [0x00000000fc300000,0x00000000fc300000,0x00000000fcb00000)
 ParOldGen       total 82432K, used 47738K [0x00000000e0000000, 0x00000000e5080000, 0x00000000f5580000)
  object space 82432K, 57% used [0x00000000e0000000,0x00000000e2e9e8a0,0x00000000e5080000)
 Metaspace       used 83193K, capacity 89744K, committed 89856K, reserved 1126400K
  class space    used 10016K, capacity 11981K, committed 12032K, reserved 1048576K
GC Heap History (10 events):
Event: 1201.000 GC heap before
{Heap before GC invocations=67 (full 19):
 PSYoungGen      total 107008K, used 106496K [0x00000000f5580000, 0x00000000fd380000, 0x0000000100000000)
  eden space 106496K, 100% used [0x00000000f5580000,0x00000000fbd80000,0x00000000fbd80000)
  from space 512K, 0% used [0x00000000fbd80000,0x00000000fbd80000,0x00000000fbe00000)
  to   space 11264K, 0% used [0x00000000fc880000,0x00000000fc880000,0x00000000fd380000)
 ParOldGen       total 82432K, used 47730K [0x00000000e0000000, 0x00000000e5080000, 0x00000000f5580000)
  object space 82432K, 57% used [0x00000000e0000000,0x00000000e2e9c8a0,0x00000000e5080000)
 Metaspace       used 82358K, capacity 88760K, committed 89088K, reserved 1126400K
  class space    used 9919K, capacity 11912K, committed 12032K, reserved 1048576K
Event: 1201.002 GC heap after
Heap after GC invocations=67 (full 19):
 PSYoungGen      total 118784K, used 128K [0x00000000f5580000, 0x00000000fd480000, 0x0000000100000000)
  eden space 107520K, 0% used [0x00000000f5580000,0x00000000f5580000,0x00000000fbe80000)
  from space 11264K, 1% used [0x00000000fc880000,0x00000000fc8a0000,0x00000000fd380000)
  to   space 10240K, 0% used [0x00000000fbe80000,0x00000000fbe80000,0x00000000fc880000)
 ParOldGen       total 82432K, used 47730K [0x00000000e0000000, 0x00000000e5080000, 0x00000000f5580000)
  object space 82432K, 57% used [0x00000000e0000000,0x00000000e2e9c8a0,0x00000000e5080000)
 Metaspace       used 82358K, capacity 88760K, committed 89088K, reserved 1126400K
  class space    used 9919K, capacity 11912K, committed 12032K, reserved 1048576K
}
Event: 1209.790 GC heap before
{Heap before GC invocations=68 (full 19):
 PSYoungGen      total 118784K, used 107648K [0x00000000f5580000, 0x00000000fd480000, 0x0000000100000000)
  eden space 107520K, 100% used [0x00000000f5580000,0x00000000fbe80000,0x00000000fbe80000)
  from space 11264K, 1% used [0x00000000fc880000,0x00000000fc8a0000,0x00000000fd380000)
  to   space 10240K, 0% used [0x00000000fbe80000,0x00000000fbe80000,0x00000000fc880000)
 ParOldGen       total 82432K, used 47730K [0x00000000e0000000, 0x00000000e5080000, 0x00000000f5580000)
  object space 82432K, 57% used [0x00000000e0000000,0x00000000e2e9c8a0,0x00000000e5080000)
 Metaspace       used 82358K, capacity 88760K, committed 89088K, reserved 1126400K
  class space    used 9919K, capacity 11912K, committed 12032K, reserved 1048576K
Event: 1209.793 GC heap after
Heap after GC invocations=68 (full 19):
 PSYoungGen      total 117760K, used 64K [0x00000000f5580000, 0x00000000fd380000, 0x0000000100000000)
  eden space 107520K, 0% used [0x00000000f5580000,0x00000000f5580000,0x00000000fbe80000)
  from space 10240K, 0% used [0x00000000fbe80000,0x00000000fbe90000,0x00000000fc880000)
  to   space 9728K, 0% used [0x00000000fca00000,0x00000000fca00000,0x00000000fd380000)
 ParOldGen       total 82432K, used 47730K [0x00000000e0000000, 0x00000000e5080000, 0x00000000f5580000)
  object space 82432K, 57% used [0x00000000e0000000,0x00000000e2e9c8a0,0x00000000e5080000)
 Metaspace       used 82358K, capacity 88760K, committed 89088K, reserved 1126400K
  class space    used 9919K, capacity 11912K, committed 12032K, reserved 1048576K
}
Event: 1218.428 GC heap before
{Heap before GC invocations=69 (full 19):
 PSYoungGen      total 117760K, used 107584K [0x00000000f5580000, 0x00000000fd380000, 0x0000000100000000)
  eden space 107520K, 100% used [0x00000000f5580000,0x00000000fbe80000,0x00000000fbe80000)
  from space 10240K, 0% used [0x00000000fbe80000,0x00000000fbe90000,0x00000000fc880000)
  to   space 9728K, 0% used [0x00000000fca00000,0x00000000fca00000,0x00000000fd380000)
 ParOldGen       total 82432K, used 47730K [0x00000000e0000000, 0x00000000e5080000, 0x00000000f5580000)
  object space 82432K, 57% used [0x00000000e0000000,0x00000000e2e9c8a0,0x00000000e5080000)
 Metaspace       used 82358K, capacity 88760K, committed 89088K, reserved 1126400K
  class space    used 9919K, capacity 11912K, committed 12032K, reserved 1048576K
Event: 1218.431 GC heap after
Heap after GC invocations=69 (full 19):
 PSYoungGen      total 118272K, used 128K [0x00000000f5580000, 0x00000000fd280000, 0x0000000100000000)
  eden space 109568K, 0% used [0x00000000f5580000,0x00000000f5580000,0x00000000fc080000)
  from space 8704K, 1% used [0x00000000fca00000,0x00000000fca20000,0x00000000fd280000)
  to   space 9216K, 0% used [0x00000000fc080000,0x00000000fc080000,0x00000000fc980000)
 ParOldGen       total 82432K, used 47730K [0x00000000e0000000, 0x00000000e5080000, 0x00000000f5580000)
  object space 82432K, 57% used [0x00000000e0000000,0x00000000e2e9c8a0,0x00000000e5080000)
 Metaspace       used 82358K, capacity 88760K, committed 89088K, reserved 1126400K
  class space    used 9919K, capacity 11912K, committed 12032K, reserved 1048576K
}
Event: 1226.845 GC heap before
{Heap before GC invocations=70 (full 19):
 PSYoungGen      total 118272K, used 109696K [0x00000000f5580000, 0x00000000fd280000, 0x0000000100000000)
  eden space 109568K, 100% used [0x00000000f5580000,0x00000000fc080000,0x00000000fc080000)
  from space 8704K, 1% used [0x00000000fca00000,0x00000000fca20000,0x00000000fd280000)
  to   space 9216K, 0% used [0x00000000fc080000,0x00000000fc080000,0x00000000fc980000)
 ParOldGen       total 82432K, used 47730K [0x00000000e0000000, 0x00000000e5080000, 0x00000000f5580000)
  object space 82432K, 57% used [0x00000000e0000000,0x00000000e2e9c8a0,0x00000000e5080000)
 Metaspace       used 82366K, capacity 88760K, committed 89088K, reserved 1126400K
  class space    used 9919K, capacity 11912K, committed 12032K, reserved 1048576K
Event: 1226.851 GC heap after
Heap after GC invocations=70 (full 19):
 PSYoungGen      total 118784K, used 1248K [0x00000000f5580000, 0x00000000fd380000, 0x0000000100000000)
  eden space 109568K, 0% used [0x00000000f5580000,0x00000000f5580000,0x00000000fc080000)
  from space 9216K, 13% used [0x00000000fc080000,0x00000000fc1b8040,0x00000000fc980000)
  to   space 8704K, 0% used [0x00000000fcb00000,0x00000000fcb00000,0x00000000fd380000)
 ParOldGen       total 82432K, used 47738K [0x00000000e0000000, 0x00000000e5080000, 0x00000000f5580000)
  object space 82432K, 57% used [0x00000000e0000000,0x00000000e2e9e8a0,0x00000000e5080000)
 Metaspace       used 82366K, capacity 88760K, committed 89088K, reserved 1126400K
  class space    used 9919K, capacity 11912K, committed 12032K, reserved 1048576K
}
Event: 1235.844 GC heap before
{Heap before GC invocations=71 (full 19):
 PSYoungGen      total 118784K, used 110816K [0x00000000f5580000, 0x00000000fd380000, 0x0000000100000000)
  eden space 109568K, 100% used [0x00000000f5580000,0x00000000fc080000,0x00000000fc080000)
  from space 9216K, 13% used [0x00000000fc080000,0x00000000fc1b8040,0x00000000fc980000)
  to   space 8704K, 0% used [0x00000000fcb00000,0x00000000fcb00000,0x00000000fd380000)
 ParOldGen       total 82432K, used 47738K [0x00000000e0000000, 0x00000000e5080000, 0x00000000f5580000)
  object space 82432K, 57% used [0x00000000e0000000,0x00000000e2e9e8a0,0x00000000e5080000)
 Metaspace       used 82366K, capacity 88760K, committed 89088K, reserved 1126400K
  class space    used 9919K, capacity 11912K, committed 12032K, reserved 1048576K
Event: 1235.864 GC heap after
Heap after GC invocations=71 (full 19):
 PSYoungGen      total 120832K, used 384K [0x00000000f5580000, 0x00000000fd380000, 0x0000000100000000)
  eden space 112128K, 0% used [0x00000000f5580000,0x00000000f5580000,0x00000000fc300000)
  from space 8704K, 4% used [0x00000000fcb00000,0x00000000fcb60000,0x00000000fd380000)
  to   space 8192K, 0% used [0x00000000fc300000,0x00000000fc300000,0x00000000fcb00000)
 ParOldGen       total 82432K, used 47738K [0x00000000e0000000, 0x00000000e5080000, 0x00000000f5580000)
  object space 82432K, 57% used [0x00000000e0000000,0x00000000e2e9e8a0,0x00000000e5080000)
 Metaspace       used 82366K, capacity 88760K, committed 89088K, reserved 1126400K
  class space    used 9919K, capacity 11912K, committed 12032K, reserved 1048576K
}

